Warning: You are sending unauthenticated requests to the HF Hub. Please set a HF_TOKEN to enable higher rate limits and faster downloads.
[transformers] `torch_dtype` is deprecated! Use `dtype` instead!
Loading weights:   0%|          | 0/311 [00:00<?, ?it/s]Loading weights: 100%|██████████| 311/311 [00:00<00:00, 16365.50it/s]
step=10/207 loss=1.4407 lr=0.00001999 steps_per_sec=3.04
step=20/207 loss=1.4658 lr=0.00001979 steps_per_sec=3.12
step=30/207 loss=1.5630 lr=0.00001935 steps_per_sec=3.26
step=40/207 loss=2.2493 lr=0.00001869 steps_per_sec=3.35
step=50/207 loss=1.7918 lr=0.00001780 steps_per_sec=2.76
step=60/207 loss=1.4987 lr=0.00001673 steps_per_sec=2.90
step=70/207 loss=0.7897 lr=0.00001549 steps_per_sec=3.04
step=80/207 loss=1.5511 lr=0.00001412 steps_per_sec=3.10
step=90/207 loss=0.9305 lr=0.00001264 steps_per_sec=3.22
step=100/207 loss=2.0168 lr=0.00001110 steps_per_sec=3.00
step=110/207 loss=1.4150 lr=0.00000953 steps_per_sec=3.05
step=120/207 loss=1.4424 lr=0.00000797 steps_per_sec=3.11
step=130/207 loss=1.8600 lr=0.00000647 steps_per_sec=3.18
step=140/207 loss=1.1779 lr=0.00000505 steps_per_sec=3.23
step=150/207 loss=1.6533 lr=0.00000375 steps_per_sec=3.04
step=160/207 loss=1.3532 lr=0.00000260 steps_per_sec=3.09
step=170/207 loss=1.1188 lr=0.00000164 steps_per_sec=3.14
step=180/207 loss=1.7159 lr=0.00000089 steps_per_sec=3.19
step=190/207 loss=1.6575 lr=0.00000035 steps_per_sec=3.23
step=200/207 loss=1.4323 lr=0.00000006 steps_per_sec=3.10
train_runtime_sec=66.02
train_steps_per_sec=3.14
