{'loss': '1.069', 'grad_norm': '25.38', 'learning_rate': '0', 'epoch': '1.932e-05'}
{'loss': '2.36', 'grad_norm': '44.75', 'learning_rate': '6.667e-07', 'epoch': '3.864e-05'}
{'loss': '2.62', 'grad_norm': '72', 'learning_rate': '1.333e-06', 'epoch': '5.796e-05'}
{'loss': '1.891', 'grad_norm': '34.75', 'learning_rate': '2e-06', 'epoch': '7.728e-05'}
{'loss': '1.726', 'grad_norm': '75', 'learning_rate': '2.667e-06', 'epoch': '9.66e-05'}
{'loss': '1.331', 'grad_norm': '30.62', 'learning_rate': '3.333e-06', 'epoch': '0.0001159'}
{'loss': '2.034', 'grad_norm': '32.25', 'learning_rate': '4e-06', 'epoch': '0.0001352'}
{'loss': '1.396', 'grad_norm': '41.25', 'learning_rate': '4.667e-06', 'epoch': '0.0001546'}
{'loss': '1.959', 'grad_norm': '32.75', 'learning_rate': '5.333e-06', 'epoch': '0.0001739'}
{'loss': '1.79', 'grad_norm': '98', 'learning_rate': '6e-06', 'epoch': '0.0001932'}
{'loss': '2.619', 'grad_norm': '44.25', 'learning_rate': '6.667e-06', 'epoch': '0.0002125'}
{'loss': '1.581', 'grad_norm': '25.38', 'learning_rate': '7.333e-06', 'epoch': '0.0002318'}
{'loss': '1.948', 'grad_norm': '44.25', 'learning_rate': '8e-06', 'epoch': '0.0002512'}
{'loss': '2.588', 'grad_norm': '94.5', 'learning_rate': '8.667e-06', 'epoch': '0.0002705'}
{'loss': '2.004', 'grad_norm': '29.75', 'learning_rate': '9.333e-06', 'epoch': '0.0002898'}
{'loss': '2.833', 'grad_norm': '50', 'learning_rate': '1e-05', 'epoch': '0.0003091'}
{'loss': '1.873', 'grad_norm': '33.25', 'learning_rate': '1.067e-05', 'epoch': '0.0003284'}
{'loss': '2.17', 'grad_norm': '41.5', 'learning_rate': '1.133e-05', 'epoch': '0.0003478'}
{'loss': '2.07', 'grad_norm': '24.5', 'learning_rate': '1.2e-05', 'epoch': '0.0003671'}
{'loss': '2.535', 'grad_norm': '105', 'learning_rate': '1.267e-05', 'epoch': '0.0003864'}
{'loss': '2.147', 'grad_norm': '36.25', 'learning_rate': '1.333e-05', 'epoch': '0.0004057'}
{'loss': '2.439', 'grad_norm': '38', 'learning_rate': '1.4e-05', 'epoch': '0.000425'}
{'loss': '1.92', 'grad_norm': '31.62', 'learning_rate': '1.467e-05', 'epoch': '0.0004444'}
{'loss': '2.162', 'grad_norm': '51.25', 'learning_rate': '1.533e-05', 'epoch': '0.0004637'}
{'loss': '5.12', 'grad_norm': '241', 'learning_rate': '1.6e-05', 'epoch': '0.000483'}
{'loss': '1.713', 'grad_norm': '47.75', 'learning_rate': '1.667e-05', 'epoch': '0.0005023'}
{'loss': '1.814', 'grad_norm': '33.75', 'learning_rate': '1.733e-05', 'epoch': '0.0005216'}
{'loss': '1.905', 'grad_norm': '158', 'learning_rate': '1.8e-05', 'epoch': '0.000541'}
{'loss': '1.188', 'grad_norm': '97', 'learning_rate': '1.867e-05', 'epoch': '0.0005603'}
{'loss': '0.6189', 'grad_norm': '78.5', 'learning_rate': '1.933e-05', 'epoch': '0.0005796'}
{'loss': '1.597', 'grad_norm': '102.5', 'learning_rate': '2e-05', 'epoch': '0.0005989'}
{'loss': '1.116', 'grad_norm': '28.25', 'learning_rate': '2e-05', 'epoch': '0.0006182'}
{'loss': '1.386', 'grad_norm': '131', 'learning_rate': '2e-05', 'epoch': '0.0006376'}
{'loss': '1.411', 'grad_norm': '25.62', 'learning_rate': '2e-05', 'epoch': '0.0006569'}
{'loss': '0.4654', 'grad_norm': '23.5', 'learning_rate': '2e-05', 'epoch': '0.0006762'}
{'loss': '1.101', 'grad_norm': '19.5', 'learning_rate': '2e-05', 'epoch': '0.0006955'}
{'loss': '1.843', 'grad_norm': '30.38', 'learning_rate': '2e-05', 'epoch': '0.0007148'}
{'loss': '1.576', 'grad_norm': '34.75', 'learning_rate': '2e-05', 'epoch': '0.0007342'}
{'loss': '1.139', 'grad_norm': '22.88', 'learning_rate': '2e-05', 'epoch': '0.0007535'}
{'loss': '1.375', 'grad_norm': '47.75', 'learning_rate': '2e-05', 'epoch': '0.0007728'}
{'loss': '0.4142', 'grad_norm': '75', 'learning_rate': '1.999e-05', 'epoch': '0.0007921'}
{'loss': '2.022', 'grad_norm': '214', 'learning_rate': '1.999e-05', 'epoch': '0.0008114'}
{'loss': '1.667', 'grad_norm': '20', 'learning_rate': '1.999e-05', 'epoch': '0.0008308'}
{'loss': '1.462', 'grad_norm': '41.5', 'learning_rate': '1.999e-05', 'epoch': '0.0008501'}
{'loss': '1.541', 'grad_norm': '19.5', 'learning_rate': '1.999e-05', 'epoch': '0.0008694'}
{'loss': '1.591', 'grad_norm': '16.88', 'learning_rate': '1.999e-05', 'epoch': '0.0008887'}
{'loss': '2.497', 'grad_norm': '102', 'learning_rate': '1.999e-05', 'epoch': '0.000908'}
{'loss': '1.082', 'grad_norm': '21.5', 'learning_rate': '1.998e-05', 'epoch': '0.0009274'}
{'loss': '0.07875', 'grad_norm': '19.62', 'learning_rate': '1.998e-05', 'epoch': '0.0009467'}
{'loss': '1.711', 'grad_norm': '18.12', 'learning_rate': '1.998e-05', 'epoch': '0.000966'}
{'loss': '0.3887', 'grad_norm': '37', 'learning_rate': '1.998e-05', 'epoch': '0.0009853'}
{'loss': '1.804', 'grad_norm': '22.75', 'learning_rate': '1.998e-05', 'epoch': '0.001005'}
{'loss': '1.528', 'grad_norm': '13.69', 'learning_rate': '1.997e-05', 'epoch': '0.001024'}
{'loss': '1.589', 'grad_norm': '140', 'learning_rate': '1.997e-05', 'epoch': '0.001043'}
{'loss': '1.42', 'grad_norm': '66.5', 'learning_rate': '1.997e-05', 'epoch': '0.001063'}
{'loss': '1.27', 'grad_norm': '32', 'learning_rate': '1.997e-05', 'epoch': '0.001082'}
{'loss': '1.431', 'grad_norm': '16.38', 'learning_rate': '1.996e-05', 'epoch': '0.001101'}
{'loss': '1.903', 'grad_norm': '39', 'learning_rate': '1.996e-05', 'epoch': '0.001121'}
{'loss': '0.2402', 'grad_norm': '39.5', 'learning_rate': '1.996e-05', 'epoch': '0.00114'}
{'loss': '1.588', 'grad_norm': '16.38', 'learning_rate': '1.996e-05', 'epoch': '0.001159'}
{'loss': '1.519', 'grad_norm': '29.12', 'learning_rate': '1.995e-05', 'epoch': '0.001179'}
{'loss': '1.66', 'grad_norm': '19.88', 'learning_rate': '1.995e-05', 'epoch': '0.001198'}
{'loss': '2.814', 'grad_norm': '50.75', 'learning_rate': '1.995e-05', 'epoch': '0.001217'}
{'loss': '1.918', 'grad_norm': '28', 'learning_rate': '1.994e-05', 'epoch': '0.001236'}
{'loss': '3.165', 'grad_norm': '82.5', 'learning_rate': '1.994e-05', 'epoch': '0.001256'}
{'loss': '1.303', 'grad_norm': '27.62', 'learning_rate': '1.994e-05', 'epoch': '0.001275'}
{'loss': '0.9677', 'grad_norm': '13.75', 'learning_rate': '1.993e-05', 'epoch': '0.001294'}
{'loss': '1.424', 'grad_norm': '28.62', 'learning_rate': '1.993e-05', 'epoch': '0.001314'}
{'loss': '1.314', 'grad_norm': '30.12', 'learning_rate': '1.992e-05', 'epoch': '0.001333'}
{'loss': '3.63', 'grad_norm': '46.75', 'learning_rate': '1.992e-05', 'epoch': '0.001352'}
{'loss': '0.9002', 'grad_norm': '64', 'learning_rate': '1.992e-05', 'epoch': '0.001372'}
{'loss': '0.06806', 'grad_norm': '17.5', 'learning_rate': '1.991e-05', 'epoch': '0.001391'}
{'loss': '1.451', 'grad_norm': '54.25', 'learning_rate': '1.991e-05', 'epoch': '0.00141'}
{'loss': '0.3425', 'grad_norm': '36', 'learning_rate': '1.99e-05', 'epoch': '0.00143'}
{'loss': '1.542', 'grad_norm': '21.88', 'learning_rate': '1.99e-05', 'epoch': '0.001449'}
{'loss': '0.6786', 'grad_norm': '82.5', 'learning_rate': '1.989e-05', 'epoch': '0.001468'}
{'loss': '1.251', 'grad_norm': '31', 'learning_rate': '1.989e-05', 'epoch': '0.001488'}
{'loss': '1.875', 'grad_norm': '62.5', 'learning_rate': '1.988e-05', 'epoch': '0.001507'}
{'loss': '1.241', 'grad_norm': '48.5', 'learning_rate': '1.988e-05', 'epoch': '0.001526'}
{'loss': '1.908', 'grad_norm': '43.75', 'learning_rate': '1.987e-05', 'epoch': '0.001546'}
{'loss': '0.5776', 'grad_norm': '52', 'learning_rate': '1.987e-05', 'epoch': '0.001565'}
{'loss': '1.164', 'grad_norm': '31.5', 'learning_rate': '1.986e-05', 'epoch': '0.001584'}
{'loss': '2.146', 'grad_norm': '29.88', 'learning_rate': '1.986e-05', 'epoch': '0.001604'}
{'loss': '1.494', 'grad_norm': '17.5', 'learning_rate': '1.985e-05', 'epoch': '0.001623'}
{'loss': '2.572', 'grad_norm': '224', 'learning_rate': '1.985e-05', 'epoch': '0.001642'}
{'loss': '1.463', 'grad_norm': '70.5', 'learning_rate': '1.984e-05', 'epoch': '0.001662'}
{'loss': '1.695', 'grad_norm': '16', 'learning_rate': '1.984e-05', 'epoch': '0.001681'}
{'loss': '0.9864', 'grad_norm': '20.38', 'learning_rate': '1.983e-05', 'epoch': '0.0017'}
{'loss': '2.494', 'grad_norm': '84.5', 'learning_rate': '1.982e-05', 'epoch': '0.001719'}
{'loss': '1.976', 'grad_norm': '60.75', 'learning_rate': '1.982e-05', 'epoch': '0.001739'}
{'loss': '1.169', 'grad_norm': '57', 'learning_rate': '1.981e-05', 'epoch': '0.001758'}
{'loss': '1.513', 'grad_norm': '20.5', 'learning_rate': '1.981e-05', 'epoch': '0.001777'}
{'loss': '1.453', 'grad_norm': '27.38', 'learning_rate': '1.98e-05', 'epoch': '0.001797'}
{'loss': '1.745', 'grad_norm': '20.12', 'learning_rate': '1.979e-05', 'epoch': '0.001816'}
{'loss': '2.352', 'grad_norm': '35.5', 'learning_rate': '1.979e-05', 'epoch': '0.001835'}
{'loss': '1.196', 'grad_norm': '16.88', 'learning_rate': '1.978e-05', 'epoch': '0.001855'}
{'loss': '1.276', 'grad_norm': '20.38', 'learning_rate': '1.977e-05', 'epoch': '0.001874'}
{'loss': '2.221', 'grad_norm': '29.5', 'learning_rate': '1.977e-05', 'epoch': '0.001893'}
{'loss': '1.173', 'grad_norm': '20.38', 'learning_rate': '1.976e-05', 'epoch': '0.001913'}
{'loss': '1.847', 'grad_norm': '78', 'learning_rate': '1.975e-05', 'epoch': '0.001932'}
{'loss': '1.416', 'grad_norm': '15.19', 'learning_rate': '1.974e-05', 'epoch': '0.001951'}
{'loss': '2.076', 'grad_norm': '75', 'learning_rate': '1.974e-05', 'epoch': '0.001971'}
{'loss': '1.33', 'grad_norm': '63.75', 'learning_rate': '1.973e-05', 'epoch': '0.00199'}
{'loss': '0.5227', 'grad_norm': '61.25', 'learning_rate': '1.972e-05', 'epoch': '0.002009'}
{'loss': '1.728', 'grad_norm': '33.25', 'learning_rate': '1.971e-05', 'epoch': '0.002029'}
{'loss': '1.109', 'grad_norm': '47', 'learning_rate': '1.971e-05', 'epoch': '0.002048'}
{'loss': '1.529', 'grad_norm': '23', 'learning_rate': '1.97e-05', 'epoch': '0.002067'}
{'loss': '0.1739', 'grad_norm': '60', 'learning_rate': '1.969e-05', 'epoch': '0.002087'}
{'loss': '0.5503', 'grad_norm': '34.5', 'learning_rate': '1.968e-05', 'epoch': '0.002106'}
{'loss': '0.4618', 'grad_norm': '72', 'learning_rate': '1.967e-05', 'epoch': '0.002125'}
{'loss': '1.658', 'grad_norm': '24.88', 'learning_rate': '1.967e-05', 'epoch': '0.002145'}
{'loss': '1.403', 'grad_norm': '27.12', 'learning_rate': '1.966e-05', 'epoch': '0.002164'}
{'loss': '0.9189', 'grad_norm': '52', 'learning_rate': '1.965e-05', 'epoch': '0.002183'}
{'loss': '1.048', 'grad_norm': '19.12', 'learning_rate': '1.964e-05', 'epoch': '0.002202'}
{'loss': '0.7933', 'grad_norm': '24.88', 'learning_rate': '1.963e-05', 'epoch': '0.002222'}
{'loss': '1.982', 'grad_norm': '33.5', 'learning_rate': '1.962e-05', 'epoch': '0.002241'}
{'loss': '1.24', 'grad_norm': '21', 'learning_rate': '1.961e-05', 'epoch': '0.00226'}
{'loss': '0.7918', 'grad_norm': '25.62', 'learning_rate': '1.961e-05', 'epoch': '0.00228'}
{'loss': '0.4572', 'grad_norm': '37.5', 'learning_rate': '1.96e-05', 'epoch': '0.002299'}
{'loss': '1.278', 'grad_norm': '49.25', 'learning_rate': '1.959e-05', 'epoch': '0.002318'}
{'loss': '1.05', 'grad_norm': '17.88', 'learning_rate': '1.958e-05', 'epoch': '0.002338'}
{'loss': '0.5976', 'grad_norm': '14', 'learning_rate': '1.957e-05', 'epoch': '0.002357'}
{'loss': '2.308', 'grad_norm': '45.75', 'learning_rate': '1.956e-05', 'epoch': '0.002376'}
{'loss': '0.8341', 'grad_norm': '42.25', 'learning_rate': '1.955e-05', 'epoch': '0.002396'}
{'loss': '1.802', 'grad_norm': '17.5', 'learning_rate': '1.954e-05', 'epoch': '0.002415'}
{'loss': '2.01', 'grad_norm': '20.75', 'learning_rate': '1.953e-05', 'epoch': '0.002434'}
{'loss': '1.271', 'grad_norm': '111.5', 'learning_rate': '1.952e-05', 'epoch': '0.002454'}
{'loss': '0.9711', 'grad_norm': '71.5', 'learning_rate': '1.951e-05', 'epoch': '0.002473'}
{'loss': '1.889', 'grad_norm': '31', 'learning_rate': '1.95e-05', 'epoch': '0.002492'}
{'loss': '0.5903', 'grad_norm': '59.25', 'learning_rate': '1.949e-05', 'epoch': '0.002512'}
{'loss': '0.5159', 'grad_norm': '21', 'learning_rate': '1.948e-05', 'epoch': '0.002531'}
{'loss': '1.434', 'grad_norm': '24.25', 'learning_rate': '1.947e-05', 'epoch': '0.00255'}
{'loss': '2.512', 'grad_norm': '34', 'learning_rate': '1.946e-05', 'epoch': '0.00257'}
{'loss': '2.13', 'grad_norm': '53.75', 'learning_rate': '1.945e-05', 'epoch': '0.002589'}
{'loss': '0.00964', 'grad_norm': '4.656', 'learning_rate': '1.944e-05', 'epoch': '0.002608'}
{'loss': '0.2032', 'grad_norm': '31', 'learning_rate': '1.943e-05', 'epoch': '0.002628'}
{'loss': '2.008', 'grad_norm': '152', 'learning_rate': '1.942e-05', 'epoch': '0.002647'}
{'loss': '2.163', 'grad_norm': '30.12', 'learning_rate': '1.941e-05', 'epoch': '0.002666'}
{'loss': '1.523', 'grad_norm': '19.75', 'learning_rate': '1.939e-05', 'epoch': '0.002685'}
{'loss': '0.3103', 'grad_norm': '30.88', 'learning_rate': '1.938e-05', 'epoch': '0.002705'}
{'loss': '1.177', 'grad_norm': '36.25', 'learning_rate': '1.937e-05', 'epoch': '0.002724'}
{'loss': '1.96', 'grad_norm': '77', 'learning_rate': '1.936e-05', 'epoch': '0.002743'}
{'loss': '1.659', 'grad_norm': '18.5', 'learning_rate': '1.935e-05', 'epoch': '0.002763'}
{'loss': '1.515', 'grad_norm': '21.75', 'learning_rate': '1.934e-05', 'epoch': '0.002782'}
{'loss': '0.8815', 'grad_norm': '43', 'learning_rate': '1.933e-05', 'epoch': '0.002801'}
{'loss': '1.517', 'grad_norm': '19', 'learning_rate': '1.931e-05', 'epoch': '0.002821'}
{'loss': '1.403', 'grad_norm': '38.25', 'learning_rate': '1.93e-05', 'epoch': '0.00284'}
{'loss': '1.437', 'grad_norm': '16', 'learning_rate': '1.929e-05', 'epoch': '0.002859'}
{'loss': '2.149', 'grad_norm': '29', 'learning_rate': '1.928e-05', 'epoch': '0.002879'}
{'loss': '0.6836', 'grad_norm': '11.19', 'learning_rate': '1.927e-05', 'epoch': '0.002898'}
{'loss': '1.278', 'grad_norm': '25.5', 'learning_rate': '1.925e-05', 'epoch': '0.002917'}
{'loss': '1.718', 'grad_norm': '17.25', 'learning_rate': '1.924e-05', 'epoch': '0.002937'}
{'loss': '1.585', 'grad_norm': '21', 'learning_rate': '1.923e-05', 'epoch': '0.002956'}
{'loss': '0.4702', 'grad_norm': '30.38', 'learning_rate': '1.922e-05', 'epoch': '0.002975'}
{'loss': '1.873', 'grad_norm': '47.75', 'learning_rate': '1.92e-05', 'epoch': '0.002995'}
{'loss': '1.257', 'grad_norm': '17.25', 'learning_rate': '1.919e-05', 'epoch': '0.003014'}
{'loss': '2.794', 'grad_norm': '145', 'learning_rate': '1.918e-05', 'epoch': '0.003033'}
{'loss': '1.606', 'grad_norm': '45', 'learning_rate': '1.917e-05', 'epoch': '0.003053'}
{'loss': '1.616', 'grad_norm': '21.75', 'learning_rate': '1.915e-05', 'epoch': '0.003072'}
{'loss': '1.652', 'grad_norm': '48.75', 'learning_rate': '1.914e-05', 'epoch': '0.003091'}
{'loss': '1.906', 'grad_norm': '48.5', 'learning_rate': '1.913e-05', 'epoch': '0.003111'}
{'loss': '0.4193', 'grad_norm': '56.5', 'learning_rate': '1.911e-05', 'epoch': '0.00313'}
{'loss': '0.5071', 'grad_norm': '99', 'learning_rate': '1.91e-05', 'epoch': '0.003149'}
{'loss': '1.76', 'grad_norm': '23.5', 'learning_rate': '1.909e-05', 'epoch': '0.003168'}
{'loss': '1.804', 'grad_norm': '24.38', 'learning_rate': '1.907e-05', 'epoch': '0.003188'}
{'loss': '1.987', 'grad_norm': '66', 'learning_rate': '1.906e-05', 'epoch': '0.003207'}
{'loss': '0.8066', 'grad_norm': '42.5', 'learning_rate': '1.905e-05', 'epoch': '0.003226'}
{'loss': '1.512', 'grad_norm': '24.12', 'learning_rate': '1.903e-05', 'epoch': '0.003246'}
{'loss': '1.592', 'grad_norm': '25.5', 'learning_rate': '1.902e-05', 'epoch': '0.003265'}
{'loss': '0.9238', 'grad_norm': '78', 'learning_rate': '1.9e-05', 'epoch': '0.003284'}
{'loss': '1.225', 'grad_norm': '25.25', 'learning_rate': '1.899e-05', 'epoch': '0.003304'}
{'loss': '2.181', 'grad_norm': '19.12', 'learning_rate': '1.898e-05', 'epoch': '0.003323'}
{'loss': '0.1665', 'grad_norm': '23.75', 'learning_rate': '1.896e-05', 'epoch': '0.003342'}
{'loss': '1.336', 'grad_norm': '18.88', 'learning_rate': '1.895e-05', 'epoch': '0.003362'}
{'loss': '0.7168', 'grad_norm': '13.44', 'learning_rate': '1.893e-05', 'epoch': '0.003381'}
{'loss': '0.924', 'grad_norm': '35.75', 'learning_rate': '1.892e-05', 'epoch': '0.0034'}
{'loss': '1.106', 'grad_norm': '18.75', 'learning_rate': '1.89e-05', 'epoch': '0.00342'}
{'loss': '1.846', 'grad_norm': '17.75', 'learning_rate': '1.889e-05', 'epoch': '0.003439'}
{'loss': '1.617', 'grad_norm': '53.25', 'learning_rate': '1.887e-05', 'epoch': '0.003458'}
{'loss': '2.87', 'grad_norm': '54.5', 'learning_rate': '1.886e-05', 'epoch': '0.003478'}
{'loss': '1.421', 'grad_norm': '48.5', 'learning_rate': '1.884e-05', 'epoch': '0.003497'}
{'loss': '1.619', 'grad_norm': '25.12', 'learning_rate': '1.883e-05', 'epoch': '0.003516'}
{'loss': '1.942', 'grad_norm': '33', 'learning_rate': '1.881e-05', 'epoch': '0.003536'}
{'loss': '1.248', 'grad_norm': '15.38', 'learning_rate': '1.88e-05', 'epoch': '0.003555'}
{'loss': '3.408', 'grad_norm': '221', 'learning_rate': '1.878e-05', 'epoch': '0.003574'}
{'loss': '1.402', 'grad_norm': '16.88', 'learning_rate': '1.877e-05', 'epoch': '0.003594'}
{'loss': '1.721', 'grad_norm': '15.62', 'learning_rate': '1.875e-05', 'epoch': '0.003613'}
{'loss': '1.396', 'grad_norm': '20.38', 'learning_rate': '1.873e-05', 'epoch': '0.003632'}
{'loss': '0.4094', 'grad_norm': '20.88', 'learning_rate': '1.872e-05', 'epoch': '0.003651'}
{'loss': '0.1918', 'grad_norm': '15.62', 'learning_rate': '1.87e-05', 'epoch': '0.003671'}
{'loss': '1.54', 'grad_norm': '15.75', 'learning_rate': '1.869e-05', 'epoch': '0.00369'}
{'loss': '1.44', 'grad_norm': '20', 'learning_rate': '1.867e-05', 'epoch': '0.003709'}
{'loss': '1.381', 'grad_norm': '23.5', 'learning_rate': '1.865e-05', 'epoch': '0.003729'}
{'loss': '0.6043', 'grad_norm': '13.44', 'learning_rate': '1.864e-05', 'epoch': '0.003748'}
{'loss': '1.297', 'grad_norm': '24.5', 'learning_rate': '1.862e-05', 'epoch': '0.003767'}
{'loss': '2.022', 'grad_norm': '32.5', 'learning_rate': '1.861e-05', 'epoch': '0.003787'}
{'loss': '1.639', 'grad_norm': '28.12', 'learning_rate': '1.859e-05', 'epoch': '0.003806'}
{'loss': '0.9961', 'grad_norm': '31.62', 'learning_rate': '1.857e-05', 'epoch': '0.003825'}
{'loss': '1.905', 'grad_norm': '51.25', 'learning_rate': '1.856e-05', 'epoch': '0.003845'}
{'loss': '1.58', 'grad_norm': '16', 'learning_rate': '1.854e-05', 'epoch': '0.003864'}
{'loss': '1.603', 'grad_norm': '18.12', 'learning_rate': '1.852e-05', 'epoch': '0.003883'}
{'loss': '1.716', 'grad_norm': '16.75', 'learning_rate': '1.851e-05', 'epoch': '0.003903'}
{'loss': '1.497', 'grad_norm': '62.25', 'learning_rate': '1.849e-05', 'epoch': '0.003922'}
{'loss': '1.617', 'grad_norm': '17.88', 'learning_rate': '1.847e-05', 'epoch': '0.003941'}
{'loss': '2.063', 'grad_norm': '59.5', 'learning_rate': '1.845e-05', 'epoch': '0.003961'}
{'loss': '0.08303', 'grad_norm': '24.12', 'learning_rate': '1.844e-05', 'epoch': '0.00398'}
{'loss': '1.546', 'grad_norm': '17.12', 'learning_rate': '1.842e-05', 'epoch': '0.003999'}
{'loss': '3.572', 'grad_norm': '68', 'learning_rate': '1.84e-05', 'epoch': '0.004019'}
{'loss': '1.541', 'grad_norm': '96.5', 'learning_rate': '1.838e-05', 'epoch': '0.004038'}
{'loss': '1.047', 'grad_norm': '24.75', 'learning_rate': '1.837e-05', 'epoch': '0.004057'}
{'loss': '1.601', 'grad_norm': '20', 'learning_rate': '1.835e-05', 'epoch': '0.004077'}
{'loss': '1.819', 'grad_norm': '124.5', 'learning_rate': '1.833e-05', 'epoch': '0.004096'}
{'loss': '0.645', 'grad_norm': '28.88', 'learning_rate': '1.831e-05', 'epoch': '0.004115'}
{'loss': '0.5923', 'grad_norm': '45.25', 'learning_rate': '1.829e-05', 'epoch': '0.004134'}
{'loss': '1.555', 'grad_norm': '18', 'learning_rate': '1.828e-05', 'epoch': '0.004154'}
{'loss': '1.709', 'grad_norm': '35.25', 'learning_rate': '1.826e-05', 'epoch': '0.004173'}
{'loss': '1.19', 'grad_norm': '43.75', 'learning_rate': '1.824e-05', 'epoch': '0.004192'}
{'loss': '1.608', 'grad_norm': '37.5', 'learning_rate': '1.822e-05', 'epoch': '0.004212'}
{'loss': '0.2364', 'grad_norm': '55.25', 'learning_rate': '1.82e-05', 'epoch': '0.004231'}
{'loss': '1.099', 'grad_norm': '21.62', 'learning_rate': '1.818e-05', 'epoch': '0.00425'}
{'loss': '0.9848', 'grad_norm': '26', 'learning_rate': '1.817e-05', 'epoch': '0.00427'}
{'loss': '1.776', 'grad_norm': '25.25', 'learning_rate': '1.815e-05', 'epoch': '0.004289'}
{'loss': '0.5855', 'grad_norm': '20.38', 'learning_rate': '1.813e-05', 'epoch': '0.004308'}
{'loss': '1.799', 'grad_norm': '34.5', 'learning_rate': '1.811e-05', 'epoch': '0.004328'}
{'loss': '1.299', 'grad_norm': '66', 'learning_rate': '1.809e-05', 'epoch': '0.004347'}
{'loss': '1.318', 'grad_norm': '21.12', 'learning_rate': '1.807e-05', 'epoch': '0.004366'}
{'loss': '2.074', 'grad_norm': '18.25', 'learning_rate': '1.805e-05', 'epoch': '0.004386'}
{'loss': '0.4313', 'grad_norm': '13.94', 'learning_rate': '1.803e-05', 'epoch': '0.004405'}
{'loss': '2.344', 'grad_norm': '196', 'learning_rate': '1.801e-05', 'epoch': '0.004424'}
{'loss': '3.93', 'grad_norm': '460', 'learning_rate': '1.799e-05', 'epoch': '0.004444'}
{'loss': '1.674', 'grad_norm': '136', 'learning_rate': '1.797e-05', 'epoch': '0.004463'}
{'loss': '1.091', 'grad_norm': '14', 'learning_rate': '1.795e-05', 'epoch': '0.004482'}
{'loss': '1.144', 'grad_norm': '19.38', 'learning_rate': '1.794e-05', 'epoch': '0.004502'}
{'loss': '1.084', 'grad_norm': '15.31', 'learning_rate': '1.792e-05', 'epoch': '0.004521'}
{'loss': '0.7891', 'grad_norm': '57.5', 'learning_rate': '1.79e-05', 'epoch': '0.00454'}
{'loss': '1.608', 'grad_norm': '26.38', 'learning_rate': '1.788e-05', 'epoch': '0.00456'}
{'loss': '1.593', 'grad_norm': '76', 'learning_rate': '1.786e-05', 'epoch': '0.004579'}
{'loss': '1.146', 'grad_norm': '99', 'learning_rate': '1.784e-05', 'epoch': '0.004598'}
{'loss': '1.618', 'grad_norm': '20', 'learning_rate': '1.782e-05', 'epoch': '0.004617'}
{'loss': '2.331', 'grad_norm': '45', 'learning_rate': '1.78e-05', 'epoch': '0.004637'}
{'loss': '1.45', 'grad_norm': '65.5', 'learning_rate': '1.777e-05', 'epoch': '0.004656'}
{'loss': '0.64', 'grad_norm': '39.5', 'learning_rate': '1.775e-05', 'epoch': '0.004675'}
{'loss': '1.251', 'grad_norm': '18.75', 'learning_rate': '1.773e-05', 'epoch': '0.004695'}
{'loss': '1.604', 'grad_norm': '14.69', 'learning_rate': '1.771e-05', 'epoch': '0.004714'}
{'loss': '1.768', 'grad_norm': '47', 'learning_rate': '1.769e-05', 'epoch': '0.004733'}
{'loss': '1.666', 'grad_norm': '68.5', 'learning_rate': '1.767e-05', 'epoch': '0.004753'}
{'loss': '1.114', 'grad_norm': '62.25', 'learning_rate': '1.765e-05', 'epoch': '0.004772'}
{'loss': '0.8263', 'grad_norm': '21', 'learning_rate': '1.763e-05', 'epoch': '0.004791'}
{'loss': '3.527', 'grad_norm': '163', 'learning_rate': '1.761e-05', 'epoch': '0.004811'}
{'loss': '1.201', 'grad_norm': '15.56', 'learning_rate': '1.759e-05', 'epoch': '0.00483'}
{'loss': '1.326', 'grad_norm': '17.62', 'learning_rate': '1.757e-05', 'epoch': '0.004849'}
{'loss': '1.072', 'grad_norm': '15.44', 'learning_rate': '1.755e-05', 'epoch': '0.004869'}
{'loss': '1.284', 'grad_norm': '32.5', 'learning_rate': '1.752e-05', 'epoch': '0.004888'}
{'loss': '1.489', 'grad_norm': '16.12', 'learning_rate': '1.75e-05', 'epoch': '0.004907'}
{'loss': '1.311', 'grad_norm': '22.38', 'learning_rate': '1.748e-05', 'epoch': '0.004927'}
{'loss': '1.595', 'grad_norm': '48', 'learning_rate': '1.746e-05', 'epoch': '0.004946'}
{'loss': '2.091', 'grad_norm': '29.5', 'learning_rate': '1.744e-05', 'epoch': '0.004965'}
{'loss': '1.097', 'grad_norm': '28.88', 'learning_rate': '1.742e-05', 'epoch': '0.004985'}
{'loss': '1.343', 'grad_norm': '68.5', 'learning_rate': '1.74e-05', 'epoch': '0.005004'}
{'loss': '2.175', 'grad_norm': '56.75', 'learning_rate': '1.737e-05', 'epoch': '0.005023'}
{'loss': '1.129', 'grad_norm': '28.75', 'learning_rate': '1.735e-05', 'epoch': '0.005043'}
{'loss': '1.387', 'grad_norm': '16.62', 'learning_rate': '1.733e-05', 'epoch': '0.005062'}
{'loss': '2.069', 'grad_norm': '33', 'learning_rate': '1.731e-05', 'epoch': '0.005081'}
{'loss': '1.559', 'grad_norm': '34.75', 'learning_rate': '1.729e-05', 'epoch': '0.0051'}
{'loss': '1.247', 'grad_norm': '36', 'learning_rate': '1.726e-05', 'epoch': '0.00512'}
{'loss': '2.547', 'grad_norm': '38.5', 'learning_rate': '1.724e-05', 'epoch': '0.005139'}
{'loss': '0.5645', 'grad_norm': '117.5', 'learning_rate': '1.722e-05', 'epoch': '0.005158'}
{'loss': '1.36', 'grad_norm': '106', 'learning_rate': '1.72e-05', 'epoch': '0.005178'}
{'loss': '1.191', 'grad_norm': '104', 'learning_rate': '1.717e-05', 'epoch': '0.005197'}
{'loss': '0.7493', 'grad_norm': '20.12', 'learning_rate': '1.715e-05', 'epoch': '0.005216'}
{'loss': '1.566', 'grad_norm': '21', 'learning_rate': '1.713e-05', 'epoch': '0.005236'}
{'loss': '0.5156', 'grad_norm': '20.38', 'learning_rate': '1.711e-05', 'epoch': '0.005255'}
{'loss': '1.778', 'grad_norm': '43.5', 'learning_rate': '1.708e-05', 'epoch': '0.005274'}
{'loss': '1.118', 'grad_norm': '20.88', 'learning_rate': '1.706e-05', 'epoch': '0.005294'}
{'loss': '1.054', 'grad_norm': '22', 'learning_rate': '1.704e-05', 'epoch': '0.005313'}
{'loss': '1.408', 'grad_norm': '32.5', 'learning_rate': '1.701e-05', 'epoch': '0.005332'}
{'loss': '2.405', 'grad_norm': '74', 'learning_rate': '1.699e-05', 'epoch': '0.005352'}
{'loss': '1.656', 'grad_norm': '19.5', 'learning_rate': '1.697e-05', 'epoch': '0.005371'}
{'loss': '1.616', 'grad_norm': '24.75', 'learning_rate': '1.694e-05', 'epoch': '0.00539'}
{'loss': '1.236', 'grad_norm': '50.5', 'learning_rate': '1.692e-05', 'epoch': '0.00541'}
{'loss': '0.6299', 'grad_norm': '16.88', 'learning_rate': '1.69e-05', 'epoch': '0.005429'}
{'loss': '1.713', 'grad_norm': '42.75', 'learning_rate': '1.687e-05', 'epoch': '0.005448'}
{'loss': '0.925', 'grad_norm': '15.62', 'learning_rate': '1.685e-05', 'epoch': '0.005468'}
{'loss': '1.62', 'grad_norm': '27', 'learning_rate': '1.683e-05', 'epoch': '0.005487'}
{'loss': '0.8699', 'grad_norm': '20.12', 'learning_rate': '1.68e-05', 'epoch': '0.005506'}
{'loss': '2.097', 'grad_norm': '21.5', 'learning_rate': '1.678e-05', 'epoch': '0.005526'}
{'loss': '2.953', 'grad_norm': '83.5', 'learning_rate': '1.676e-05', 'epoch': '0.005545'}
{'loss': '1.559', 'grad_norm': '16.38', 'learning_rate': '1.673e-05', 'epoch': '0.005564'}
{'loss': '1.019', 'grad_norm': '87', 'learning_rate': '1.671e-05', 'epoch': '0.005583'}
{'loss': '0.9289', 'grad_norm': '34', 'learning_rate': '1.668e-05', 'epoch': '0.005603'}
{'loss': '1.171', 'grad_norm': '14.94', 'learning_rate': '1.666e-05', 'epoch': '0.005622'}
{'loss': '0.7669', 'grad_norm': '42.5', 'learning_rate': '1.663e-05', 'epoch': '0.005641'}
{'loss': '0.7822', 'grad_norm': '35.5', 'learning_rate': '1.661e-05', 'epoch': '0.005661'}
{'loss': '1.607', 'grad_norm': '18.12', 'learning_rate': '1.659e-05', 'epoch': '0.00568'}
{'loss': '0.4112', 'grad_norm': '56.75', 'learning_rate': '1.656e-05', 'epoch': '0.005699'}
{'loss': '1.228', 'grad_norm': '18.5', 'learning_rate': '1.654e-05', 'epoch': '0.005719'}
{'loss': '0.6939', 'grad_norm': '28.62', 'learning_rate': '1.651e-05', 'epoch': '0.005738'}
{'loss': '3.099', 'grad_norm': '82', 'learning_rate': '1.649e-05', 'epoch': '0.005757'}
{'loss': '1.265', 'grad_norm': '28', 'learning_rate': '1.646e-05', 'epoch': '0.005777'}
{'loss': '1.23', 'grad_norm': '452', 'learning_rate': '1.644e-05', 'epoch': '0.005796'}
{'loss': '0.7911', 'grad_norm': '39', 'learning_rate': '1.641e-05', 'epoch': '0.005815'}
{'loss': '0.5094', 'grad_norm': '15.12', 'learning_rate': '1.639e-05', 'epoch': '0.005835'}
{'loss': '0.8156', 'grad_norm': '26.5', 'learning_rate': '1.636e-05', 'epoch': '0.005854'}
{'loss': '0.8452', 'grad_norm': '29.25', 'learning_rate': '1.634e-05', 'epoch': '0.005873'}
{'loss': '0.5111', 'grad_norm': '11.88', 'learning_rate': '1.631e-05', 'epoch': '0.005893'}
{'loss': '0.6733', 'grad_norm': '16.88', 'learning_rate': '1.629e-05', 'epoch': '0.005912'}
{'loss': '1.763', 'grad_norm': '26.75', 'learning_rate': '1.626e-05', 'epoch': '0.005931'}
{'loss': '1.689', 'grad_norm': '19', 'learning_rate': '1.624e-05', 'epoch': '0.005951'}
{'loss': '3.107', 'grad_norm': '154', 'learning_rate': '1.621e-05', 'epoch': '0.00597'}
{'loss': '2.148', 'grad_norm': '67', 'learning_rate': '1.619e-05', 'epoch': '0.005989'}
{'loss': '0.9563', 'grad_norm': '18.5', 'learning_rate': '1.616e-05', 'epoch': '0.006009'}
{'loss': '0.5418', 'grad_norm': '9.562', 'learning_rate': '1.614e-05', 'epoch': '0.006028'}
{'loss': '0.6174', 'grad_norm': '90', 'learning_rate': '1.611e-05', 'epoch': '0.006047'}
{'loss': '0.2454', 'grad_norm': '60.5', 'learning_rate': '1.609e-05', 'epoch': '0.006066'}
{'loss': '1.422', 'grad_norm': '117.5', 'learning_rate': '1.606e-05', 'epoch': '0.006086'}
{'loss': '1.788', 'grad_norm': '19', 'learning_rate': '1.603e-05', 'epoch': '0.006105'}
{'loss': '1.598', 'grad_norm': '18.88', 'learning_rate': '1.601e-05', 'epoch': '0.006124'}
{'loss': '1.656', 'grad_norm': '316', 'learning_rate': '1.598e-05', 'epoch': '0.006144'}
{'loss': '1.725', 'grad_norm': '20.75', 'learning_rate': '1.596e-05', 'epoch': '0.006163'}
{'loss': '1.77', 'grad_norm': '61.5', 'learning_rate': '1.593e-05', 'epoch': '0.006182'}
{'loss': '2.445', 'grad_norm': '25', 'learning_rate': '1.59e-05', 'epoch': '0.006202'}
{'loss': '0.4865', 'grad_norm': '35.5', 'learning_rate': '1.588e-05', 'epoch': '0.006221'}
{'loss': '2.061', 'grad_norm': '38.5', 'learning_rate': '1.585e-05', 'epoch': '0.00624'}
{'loss': '0.3826', 'grad_norm': '65.5', 'learning_rate': '1.583e-05', 'epoch': '0.00626'}
{'loss': '0.629', 'grad_norm': '91', 'learning_rate': '1.58e-05', 'epoch': '0.006279'}
{'loss': '0.8825', 'grad_norm': '40.5', 'learning_rate': '1.577e-05', 'epoch': '0.006298'}
{'loss': '1.959', 'grad_norm': '24.62', 'learning_rate': '1.575e-05', 'epoch': '0.006318'}
{'loss': '1.607', 'grad_norm': '21.75', 'learning_rate': '1.572e-05', 'epoch': '0.006337'}
{'loss': '1.451', 'grad_norm': '28.75', 'learning_rate': '1.569e-05', 'epoch': '0.006356'}
{'loss': '0.9488', 'grad_norm': '79.5', 'learning_rate': '1.567e-05', 'epoch': '0.006376'}
{'loss': '1.276', 'grad_norm': '18.75', 'learning_rate': '1.564e-05', 'epoch': '0.006395'}
{'loss': '0.1855', 'grad_norm': '11.88', 'learning_rate': '1.561e-05', 'epoch': '0.006414'}
{'loss': '1.571', 'grad_norm': '22', 'learning_rate': '1.559e-05', 'epoch': '0.006434'}
{'loss': '1.005', 'grad_norm': '17.62', 'learning_rate': '1.556e-05', 'epoch': '0.006453'}
{'loss': '0.5112', 'grad_norm': '28.25', 'learning_rate': '1.553e-05', 'epoch': '0.006472'}
{'loss': '1.571', 'grad_norm': '13.44', 'learning_rate': '1.551e-05', 'epoch': '0.006491'}
{'loss': '1.366', 'grad_norm': '18', 'learning_rate': '1.548e-05', 'epoch': '0.006511'}
{'loss': '1.632', 'grad_norm': '24.25', 'learning_rate': '1.545e-05', 'epoch': '0.00653'}
{'loss': '0.8611', 'grad_norm': '46.25', 'learning_rate': '1.542e-05', 'epoch': '0.006549'}
{'loss': '0.2355', 'grad_norm': '54.5', 'learning_rate': '1.54e-05', 'epoch': '0.006569'}
{'loss': '2.171', 'grad_norm': '28.88', 'learning_rate': '1.537e-05', 'epoch': '0.006588'}
{'loss': '2.828', 'grad_norm': '90', 'learning_rate': '1.534e-05', 'epoch': '0.006607'}
{'loss': '1.998', 'grad_norm': '42.5', 'learning_rate': '1.531e-05', 'epoch': '0.006627'}
{'loss': '0.9131', 'grad_norm': '35.5', 'learning_rate': '1.529e-05', 'epoch': '0.006646'}
{'loss': '1.609', 'grad_norm': '20.62', 'learning_rate': '1.526e-05', 'epoch': '0.006665'}
{'loss': '1.499', 'grad_norm': '29.25', 'learning_rate': '1.523e-05', 'epoch': '0.006685'}
{'loss': '1.579', 'grad_norm': '17.88', 'learning_rate': '1.52e-05', 'epoch': '0.006704'}
{'loss': '1.355', 'grad_norm': '22.5', 'learning_rate': '1.518e-05', 'epoch': '0.006723'}
{'loss': '1.638', 'grad_norm': '16.5', 'learning_rate': '1.515e-05', 'epoch': '0.006743'}
{'loss': '1.846', 'grad_norm': '190', 'learning_rate': '1.512e-05', 'epoch': '0.006762'}
{'loss': '1.98', 'grad_norm': '18', 'learning_rate': '1.509e-05', 'epoch': '0.006781'}
{'loss': '1.206', 'grad_norm': '14.38', 'learning_rate': '1.507e-05', 'epoch': '0.006801'}
{'loss': '1.334', 'grad_norm': '182', 'learning_rate': '1.504e-05', 'epoch': '0.00682'}
{'loss': '1.275', 'grad_norm': '23.38', 'learning_rate': '1.501e-05', 'epoch': '0.006839'}
{'loss': '1.582', 'grad_norm': '23.88', 'learning_rate': '1.498e-05', 'epoch': '0.006859'}
{'loss': '2.643', 'grad_norm': '25.25', 'learning_rate': '1.495e-05', 'epoch': '0.006878'}
{'loss': '1.394', 'grad_norm': '32', 'learning_rate': '1.493e-05', 'epoch': '0.006897'}
{'loss': '1.46', 'grad_norm': '18.62', 'learning_rate': '1.49e-05', 'epoch': '0.006917'}
{'loss': '1.683', 'grad_norm': '89.5', 'learning_rate': '1.487e-05', 'epoch': '0.006936'}
{'loss': '0.9431', 'grad_norm': '47.5', 'learning_rate': '1.484e-05', 'epoch': '0.006955'}
{'loss': '0.8527', 'grad_norm': '45.75', 'learning_rate': '1.481e-05', 'epoch': '0.006974'}
{'loss': '1.523', 'grad_norm': '25.12', 'learning_rate': '1.478e-05', 'epoch': '0.006994'}
{'loss': '2.527', 'grad_norm': '24.62', 'learning_rate': '1.475e-05', 'epoch': '0.007013'}
{'loss': '1.63', 'grad_norm': '69', 'learning_rate': '1.473e-05', 'epoch': '0.007032'}
{'loss': '0.9679', 'grad_norm': '31.38', 'learning_rate': '1.47e-05', 'epoch': '0.007052'}
{'loss': '0.6291', 'grad_norm': '39.5', 'learning_rate': '1.467e-05', 'epoch': '0.007071'}
{'loss': '1.665', 'grad_norm': '51', 'learning_rate': '1.464e-05', 'epoch': '0.00709'}
{'loss': '1.918', 'grad_norm': '16.38', 'learning_rate': '1.461e-05', 'epoch': '0.00711'}
{'loss': '1.224', 'grad_norm': '17.88', 'learning_rate': '1.458e-05', 'epoch': '0.007129'}
{'loss': '1.269', 'grad_norm': '35.25', 'learning_rate': '1.455e-05', 'epoch': '0.007148'}
{'loss': '1.761', 'grad_norm': '78', 'learning_rate': '1.453e-05', 'epoch': '0.007168'}
{'loss': '1.536', 'grad_norm': '18.62', 'learning_rate': '1.45e-05', 'epoch': '0.007187'}
{'loss': '0.999', 'grad_norm': '167', 'learning_rate': '1.447e-05', 'epoch': '0.007206'}
{'loss': '1.441', 'grad_norm': '26.88', 'learning_rate': '1.444e-05', 'epoch': '0.007226'}
{'loss': '1.557', 'grad_norm': '40.25', 'learning_rate': '1.441e-05', 'epoch': '0.007245'}
{'loss': '1.131', 'grad_norm': '14.56', 'learning_rate': '1.438e-05', 'epoch': '0.007264'}
{'loss': '1.628', 'grad_norm': '26.88', 'learning_rate': '1.435e-05', 'epoch': '0.007284'}
{'loss': '1.408', 'grad_norm': '24.12', 'learning_rate': '1.432e-05', 'epoch': '0.007303'}
{'loss': '1.328', 'grad_norm': '16', 'learning_rate': '1.429e-05', 'epoch': '0.007322'}
{'loss': '1.371', 'grad_norm': '17.25', 'learning_rate': '1.426e-05', 'epoch': '0.007342'}
{'loss': '0.8737', 'grad_norm': '27.5', 'learning_rate': '1.423e-05', 'epoch': '0.007361'}
{'loss': '3.004', 'grad_norm': '31.75', 'learning_rate': '1.42e-05', 'epoch': '0.00738'}
{'loss': '1.85', 'grad_norm': '22.88', 'learning_rate': '1.418e-05', 'epoch': '0.0074'}
{'loss': '1.284', 'grad_norm': '15.44', 'learning_rate': '1.415e-05', 'epoch': '0.007419'}
{'loss': '1.519', 'grad_norm': '260', 'learning_rate': '1.412e-05', 'epoch': '0.007438'}
{'loss': '1.634', 'grad_norm': '43', 'learning_rate': '1.409e-05', 'epoch': '0.007457'}
{'loss': '1.16', 'grad_norm': '26.12', 'learning_rate': '1.406e-05', 'epoch': '0.007477'}
{'loss': '1.486', 'grad_norm': '90.5', 'learning_rate': '1.403e-05', 'epoch': '0.007496'}
{'loss': '1.976', 'grad_norm': '53.25', 'learning_rate': '1.4e-05', 'epoch': '0.007515'}
{'loss': '1.521', 'grad_norm': '32.25', 'learning_rate': '1.397e-05', 'epoch': '0.007535'}
{'loss': '0.9694', 'grad_norm': '16.5', 'learning_rate': '1.394e-05', 'epoch': '0.007554'}
{'loss': '1.401', 'grad_norm': '50.25', 'learning_rate': '1.391e-05', 'epoch': '0.007573'}
{'loss': '1.031', 'grad_norm': '53.5', 'learning_rate': '1.388e-05', 'epoch': '0.007593'}
{'loss': '1.454', 'grad_norm': '23.62', 'learning_rate': '1.385e-05', 'epoch': '0.007612'}
{'loss': '0.02963', 'grad_norm': '9.188', 'learning_rate': '1.382e-05', 'epoch': '0.007631'}
{'loss': '1.078', 'grad_norm': '34.5', 'learning_rate': '1.379e-05', 'epoch': '0.007651'}
{'loss': '1.007', 'grad_norm': '42.25', 'learning_rate': '1.376e-05', 'epoch': '0.00767'}
{'loss': '1.397', 'grad_norm': '13.94', 'learning_rate': '1.373e-05', 'epoch': '0.007689'}
{'loss': '0.8987', 'grad_norm': '20.62', 'learning_rate': '1.37e-05', 'epoch': '0.007709'}
{'loss': '2.764', 'grad_norm': '81.5', 'learning_rate': '1.367e-05', 'epoch': '0.007728'}
{'loss': '0.8369', 'grad_norm': '52.5', 'learning_rate': '1.364e-05', 'epoch': '0.007747'}
{'loss': '1.888', 'grad_norm': '95.5', 'learning_rate': '1.361e-05', 'epoch': '0.007767'}
{'loss': '1.434', 'grad_norm': '26.88', 'learning_rate': '1.358e-05', 'epoch': '0.007786'}
{'loss': '1.211', 'grad_norm': '14.06', 'learning_rate': '1.355e-05', 'epoch': '0.007805'}
{'loss': '2.633', 'grad_norm': '286', 'learning_rate': '1.352e-05', 'epoch': '0.007825'}
{'loss': '0.7624', 'grad_norm': '36.25', 'learning_rate': '1.349e-05', 'epoch': '0.007844'}
{'loss': '1.55', 'grad_norm': '32.75', 'learning_rate': '1.346e-05', 'epoch': '0.007863'}
{'loss': '0.9746', 'grad_norm': '100.5', 'learning_rate': '1.343e-05', 'epoch': '0.007883'}
{'loss': '2.018', 'grad_norm': '23.12', 'learning_rate': '1.34e-05', 'epoch': '0.007902'}
{'loss': '0.06571', 'grad_norm': '33.75', 'learning_rate': '1.337e-05', 'epoch': '0.007921'}
{'loss': '0.4947', 'grad_norm': '85', 'learning_rate': '1.334e-05', 'epoch': '0.00794'}
{'loss': '0.4732', 'grad_norm': '66.5', 'learning_rate': '1.33e-05', 'epoch': '0.00796'}
{'loss': '1.385', 'grad_norm': '22.38', 'learning_rate': '1.327e-05', 'epoch': '0.007979'}
{'loss': '1.221', 'grad_norm': '20', 'learning_rate': '1.324e-05', 'epoch': '0.007998'}
{'loss': '0.5418', 'grad_norm': '47', 'learning_rate': '1.321e-05', 'epoch': '0.008018'}
{'loss': '2.082', 'grad_norm': '36.5', 'learning_rate': '1.318e-05', 'epoch': '0.008037'}
{'loss': '1.176', 'grad_norm': '39', 'learning_rate': '1.315e-05', 'epoch': '0.008056'}
{'loss': '1.266', 'grad_norm': '72', 'learning_rate': '1.312e-05', 'epoch': '0.008076'}
{'loss': '0.9462', 'grad_norm': '35', 'learning_rate': '1.309e-05', 'epoch': '0.008095'}
{'loss': '1.125', 'grad_norm': '16.62', 'learning_rate': '1.306e-05', 'epoch': '0.008114'}
{'loss': '0.3717', 'grad_norm': '42.25', 'learning_rate': '1.303e-05', 'epoch': '0.008134'}
{'loss': '1.53', 'grad_norm': '22.5', 'learning_rate': '1.3e-05', 'epoch': '0.008153'}
{'loss': '0.5678', 'grad_norm': '12.81', 'learning_rate': '1.297e-05', 'epoch': '0.008172'}
{'loss': '1.534', 'grad_norm': '29.25', 'learning_rate': '1.294e-05', 'epoch': '0.008192'}
{'loss': '0.2584', 'grad_norm': '26.62', 'learning_rate': '1.29e-05', 'epoch': '0.008211'}
{'loss': '0.6181', 'grad_norm': '133', 'learning_rate': '1.287e-05', 'epoch': '0.00823'}
{'loss': '2.244', 'grad_norm': '35', 'learning_rate': '1.284e-05', 'epoch': '0.00825'}
{'loss': '1.059', 'grad_norm': '25.5', 'learning_rate': '1.281e-05', 'epoch': '0.008269'}
{'loss': '1.357', 'grad_norm': '27.12', 'learning_rate': '1.278e-05', 'epoch': '0.008288'}
{'loss': '0.9209', 'grad_norm': '27.88', 'learning_rate': '1.275e-05', 'epoch': '0.008308'}
{'loss': '1.41', 'grad_norm': '36.5', 'learning_rate': '1.272e-05', 'epoch': '0.008327'}
{'loss': '0.9986', 'grad_norm': '36', 'learning_rate': '1.269e-05', 'epoch': '0.008346'}
{'loss': '1.47', 'grad_norm': '15.5', 'learning_rate': '1.266e-05', 'epoch': '0.008366'}
{'loss': '1.623', 'grad_norm': '27.5', 'learning_rate': '1.262e-05', 'epoch': '0.008385'}
{'loss': '0.6952', 'grad_norm': '33.5', 'learning_rate': '1.259e-05', 'epoch': '0.008404'}
{'loss': '0.4548', 'grad_norm': '37.75', 'learning_rate': '1.256e-05', 'epoch': '0.008423'}
{'loss': '1.131', 'grad_norm': '14', 'learning_rate': '1.253e-05', 'epoch': '0.008443'}
{'loss': '1.5', 'grad_norm': '26.62', 'learning_rate': '1.25e-05', 'epoch': '0.008462'}
{'loss': '0.156', 'grad_norm': '30.62', 'learning_rate': '1.247e-05', 'epoch': '0.008481'}
{'loss': '1.505', 'grad_norm': '34.25', 'learning_rate': '1.244e-05', 'epoch': '0.008501'}
{'loss': '2.986', 'grad_norm': '328', 'learning_rate': '1.241e-05', 'epoch': '0.00852'}
{'loss': '0.2802', 'grad_norm': '105', 'learning_rate': '1.237e-05', 'epoch': '0.008539'}
{'loss': '1.679', 'grad_norm': '26', 'learning_rate': '1.234e-05', 'epoch': '0.008559'}
{'loss': '1.807', 'grad_norm': '69.5', 'learning_rate': '1.231e-05', 'epoch': '0.008578'}
{'loss': '0.9486', 'grad_norm': '51.25', 'learning_rate': '1.228e-05', 'epoch': '0.008597'}
{'loss': '0.7965', 'grad_norm': '24.62', 'learning_rate': '1.225e-05', 'epoch': '0.008617'}
{'loss': '1.66', 'grad_norm': '19.88', 'learning_rate': '1.222e-05', 'epoch': '0.008636'}
{'loss': '0.9218', 'grad_norm': '17.62', 'learning_rate': '1.218e-05', 'epoch': '0.008655'}
{'loss': '1.096', 'grad_norm': '64.5', 'learning_rate': '1.215e-05', 'epoch': '0.008675'}
{'loss': '1.731', 'grad_norm': '18.88', 'learning_rate': '1.212e-05', 'epoch': '0.008694'}
{'loss': '6.308', 'grad_norm': '171', 'learning_rate': '1.209e-05', 'epoch': '0.008713'}
{'loss': '1.567', 'grad_norm': '18.62', 'learning_rate': '1.206e-05', 'epoch': '0.008733'}
{'loss': '1.604', 'grad_norm': '30.25', 'learning_rate': '1.203e-05', 'epoch': '0.008752'}
{'loss': '1.013', 'grad_norm': '46', 'learning_rate': '1.199e-05', 'epoch': '0.008771'}
{'loss': '0.9927', 'grad_norm': '14.94', 'learning_rate': '1.196e-05', 'epoch': '0.008791'}
{'loss': '0.4533', 'grad_norm': '20.12', 'learning_rate': '1.193e-05', 'epoch': '0.00881'}
{'loss': '1.525', 'grad_norm': '39.25', 'learning_rate': '1.19e-05', 'epoch': '0.008829'}
{'loss': '2.025', 'grad_norm': '27.88', 'learning_rate': '1.187e-05', 'epoch': '0.008849'}
{'loss': '0.5938', 'grad_norm': '41', 'learning_rate': '1.184e-05', 'epoch': '0.008868'}
{'loss': '2.102', 'grad_norm': '161', 'learning_rate': '1.18e-05', 'epoch': '0.008887'}
{'loss': '0.8506', 'grad_norm': '53', 'learning_rate': '1.177e-05', 'epoch': '0.008906'}
{'loss': '1.696', 'grad_norm': '19.25', 'learning_rate': '1.174e-05', 'epoch': '0.008926'}
{'loss': '1.726', 'grad_norm': '17.25', 'learning_rate': '1.171e-05', 'epoch': '0.008945'}
{'loss': '1.14', 'grad_norm': '48.25', 'learning_rate': '1.168e-05', 'epoch': '0.008964'}
{'loss': '1.349', 'grad_norm': '16.62', 'learning_rate': '1.164e-05', 'epoch': '0.008984'}
{'loss': '2.441', 'grad_norm': '42.75', 'learning_rate': '1.161e-05', 'epoch': '0.009003'}
{'loss': '0.799', 'grad_norm': '10.25', 'learning_rate': '1.158e-05', 'epoch': '0.009022'}
{'loss': '1.776', 'grad_norm': '71', 'learning_rate': '1.155e-05', 'epoch': '0.009042'}
{'loss': '1.026', 'grad_norm': '84', 'learning_rate': '1.152e-05', 'epoch': '0.009061'}
{'loss': '1.66', 'grad_norm': '21.75', 'learning_rate': '1.148e-05', 'epoch': '0.00908'}
{'loss': '0.8119', 'grad_norm': '51.5', 'learning_rate': '1.145e-05', 'epoch': '0.0091'}
{'loss': '0.8728', 'grad_norm': '44', 'learning_rate': '1.142e-05', 'epoch': '0.009119'}
{'loss': '1.337', 'grad_norm': '14', 'learning_rate': '1.139e-05', 'epoch': '0.009138'}
{'loss': '1.694', 'grad_norm': '20.75', 'learning_rate': '1.136e-05', 'epoch': '0.009158'}
{'loss': '0.8604', 'grad_norm': '166', 'learning_rate': '1.132e-05', 'epoch': '0.009177'}
{'loss': '2.71', 'grad_norm': '85.5', 'learning_rate': '1.129e-05', 'epoch': '0.009196'}
{'loss': '1.542', 'grad_norm': '15.12', 'learning_rate': '1.126e-05', 'epoch': '0.009216'}
{'loss': '0.7059', 'grad_norm': '9.75', 'learning_rate': '1.123e-05', 'epoch': '0.009235'}
{'loss': '1.049', 'grad_norm': '134', 'learning_rate': '1.12e-05', 'epoch': '0.009254'}
{'loss': '0.875', 'grad_norm': '78', 'learning_rate': '1.116e-05', 'epoch': '0.009274'}
{'loss': '2.271', 'grad_norm': '22.25', 'learning_rate': '1.113e-05', 'epoch': '0.009293'}
{'loss': '1.082', 'grad_norm': '19.5', 'learning_rate': '1.11e-05', 'epoch': '0.009312'}
{'loss': '1.074', 'grad_norm': '22.12', 'learning_rate': '1.107e-05', 'epoch': '0.009332'}
{'loss': '1.402', 'grad_norm': '18.5', 'learning_rate': '1.103e-05', 'epoch': '0.009351'}
{'loss': '1.349', 'grad_norm': '23.5', 'learning_rate': '1.1e-05', 'epoch': '0.00937'}
{'loss': '2.27', 'grad_norm': '38.75', 'learning_rate': '1.097e-05', 'epoch': '0.009389'}
{'loss': '1.985', 'grad_norm': '26.88', 'learning_rate': '1.094e-05', 'epoch': '0.009409'}
{'loss': '1.876', 'grad_norm': '124.5', 'learning_rate': '1.091e-05', 'epoch': '0.009428'}
{'loss': '1.636', 'grad_norm': '18.75', 'learning_rate': '1.087e-05', 'epoch': '0.009447'}
{'loss': '2.527', 'grad_norm': '66.5', 'learning_rate': '1.084e-05', 'epoch': '0.009467'}
{'loss': '1.279', 'grad_norm': '38.75', 'learning_rate': '1.081e-05', 'epoch': '0.009486'}
{'loss': '1.679', 'grad_norm': '20.5', 'learning_rate': '1.078e-05', 'epoch': '0.009505'}
{'loss': '2.168', 'grad_norm': '77', 'learning_rate': '1.074e-05', 'epoch': '0.009525'}
{'loss': '1.724', 'grad_norm': '55.25', 'learning_rate': '1.071e-05', 'epoch': '0.009544'}
{'loss': '0.462', 'grad_norm': '27.25', 'learning_rate': '1.068e-05', 'epoch': '0.009563'}
{'loss': '0.4148', 'grad_norm': '54', 'learning_rate': '1.065e-05', 'epoch': '0.009583'}
{'loss': '1.515', 'grad_norm': '16.12', 'learning_rate': '1.061e-05', 'epoch': '0.009602'}
{'loss': '1.824', 'grad_norm': '32.25', 'learning_rate': '1.058e-05', 'epoch': '0.009621'}
{'loss': '1.758', 'grad_norm': '22.62', 'learning_rate': '1.055e-05', 'epoch': '0.009641'}
{'loss': '1.214', 'grad_norm': '99', 'learning_rate': '1.052e-05', 'epoch': '0.00966'}
{'loss': '2.426', 'grad_norm': '29.5', 'learning_rate': '1.049e-05', 'epoch': '0.009679'}
{'loss': '0.5242', 'grad_norm': '32.75', 'learning_rate': '1.045e-05', 'epoch': '0.009699'}
{'loss': '1.35', 'grad_norm': '29.5', 'learning_rate': '1.042e-05', 'epoch': '0.009718'}
{'loss': '1.614', 'grad_norm': '78.5', 'learning_rate': '1.039e-05', 'epoch': '0.009737'}
{'loss': '1.341', 'grad_norm': '22.5', 'learning_rate': '1.036e-05', 'epoch': '0.009757'}
{'loss': '1.168', 'grad_norm': '27.12', 'learning_rate': '1.032e-05', 'epoch': '0.009776'}
{'loss': '1.018', 'grad_norm': '21.38', 'learning_rate': '1.029e-05', 'epoch': '0.009795'}
{'loss': '1.33', 'grad_norm': '32.5', 'learning_rate': '1.026e-05', 'epoch': '0.009815'}
{'loss': '0.9099', 'grad_norm': '20.62', 'learning_rate': '1.023e-05', 'epoch': '0.009834'}
{'loss': '2.032', 'grad_norm': '86', 'learning_rate': '1.019e-05', 'epoch': '0.009853'}
{'loss': '1.201', 'grad_norm': '17.62', 'learning_rate': '1.016e-05', 'epoch': '0.009872'}
{'loss': '0.7393', 'grad_norm': '13.31', 'learning_rate': '1.013e-05', 'epoch': '0.009892'}
{'loss': '1.591', 'grad_norm': '31.62', 'learning_rate': '1.01e-05', 'epoch': '0.009911'}
{'loss': '2.107', 'grad_norm': '20.5', 'learning_rate': '1.006e-05', 'epoch': '0.00993'}
{'loss': '1.24', 'grad_norm': '16.38', 'learning_rate': '1.003e-05', 'epoch': '0.00995'}
{'loss': '1.668', 'grad_norm': '17.25', 'learning_rate': '1e-05', 'epoch': '0.009969'}
{'loss': '0.6307', 'grad_norm': '103.5', 'learning_rate': '9.968e-06', 'epoch': '0.009988'}
{'loss': '0.9508', 'grad_norm': '16.88', 'learning_rate': '9.935e-06', 'epoch': '0.01001'}
{'loss': '0.9641', 'grad_norm': '99.5', 'learning_rate': '9.903e-06', 'epoch': '0.01003'}
{'loss': '1.243', 'grad_norm': '16.5', 'learning_rate': '9.87e-06', 'epoch': '0.01005'}
{'loss': '1.771', 'grad_norm': '27.75', 'learning_rate': '9.838e-06', 'epoch': '0.01007'}
{'loss': '0.9482', 'grad_norm': '51', 'learning_rate': '9.806e-06', 'epoch': '0.01009'}
{'loss': '1.514', 'grad_norm': '144', 'learning_rate': '9.773e-06', 'epoch': '0.0101'}
{'loss': '0.9974', 'grad_norm': '112', 'learning_rate': '9.741e-06', 'epoch': '0.01012'}
{'loss': '2.016', 'grad_norm': '17.12', 'learning_rate': '9.709e-06', 'epoch': '0.01014'}
{'loss': '0.4535', 'grad_norm': '47.5', 'learning_rate': '9.676e-06', 'epoch': '0.01016'}
{'loss': '1.633', 'grad_norm': '34.5', 'learning_rate': '9.644e-06', 'epoch': '0.01018'}
{'loss': '1.02', 'grad_norm': '40.5', 'learning_rate': '9.611e-06', 'epoch': '0.0102'}
{'loss': '1.148', 'grad_norm': '27.25', 'learning_rate': '9.579e-06', 'epoch': '0.01022'}
{'loss': '2.008', 'grad_norm': '23.88', 'learning_rate': '9.547e-06', 'epoch': '0.01024'}
{'loss': '1.77', 'grad_norm': '28', 'learning_rate': '9.514e-06', 'epoch': '0.01026'}
{'loss': '0.2601', 'grad_norm': '31', 'learning_rate': '9.482e-06', 'epoch': '0.01028'}
{'loss': '1.542', 'grad_norm': '32', 'learning_rate': '9.45e-06', 'epoch': '0.0103'}
{'loss': '0.01366', 'grad_norm': '3.469', 'learning_rate': '9.417e-06', 'epoch': '0.01032'}
{'loss': '1.736', 'grad_norm': '26', 'learning_rate': '9.385e-06', 'epoch': '0.01034'}
{'loss': '1.246', 'grad_norm': '20.12', 'learning_rate': '9.353e-06', 'epoch': '0.01036'}
{'loss': '0.243', 'grad_norm': '69', 'learning_rate': '9.32e-06', 'epoch': '0.01037'}
{'loss': '1.302', 'grad_norm': '22', 'learning_rate': '9.288e-06', 'epoch': '0.01039'}
{'loss': '1.321', 'grad_norm': '28.25', 'learning_rate': '9.256e-06', 'epoch': '0.01041'}
{'loss': '1.115', 'grad_norm': '66.5', 'learning_rate': '9.223e-06', 'epoch': '0.01043'}
{'loss': '2.299', 'grad_norm': '53', 'learning_rate': '9.191e-06', 'epoch': '0.01045'}
{'loss': '2.01', 'grad_norm': '40.25', 'learning_rate': '9.159e-06', 'epoch': '0.01047'}
{'loss': '3.048', 'grad_norm': '33.75', 'learning_rate': '9.127e-06', 'epoch': '0.01049'}
{'loss': '2.486', 'grad_norm': '44.75', 'learning_rate': '9.094e-06', 'epoch': '0.01051'}
{'loss': '1.683', 'grad_norm': '45.25', 'learning_rate': '9.062e-06', 'epoch': '0.01053'}
{'loss': '1.04', 'grad_norm': '26', 'learning_rate': '9.03e-06', 'epoch': '0.01055'}
{'loss': '1.071', 'grad_norm': '47.5', 'learning_rate': '8.998e-06', 'epoch': '0.01057'}
{'loss': '0.9405', 'grad_norm': '30.5', 'learning_rate': '8.965e-06', 'epoch': '0.01059'}
{'loss': '1.914', 'grad_norm': '72.5', 'learning_rate': '8.933e-06', 'epoch': '0.01061'}
{'loss': '2.687', 'grad_norm': '262', 'learning_rate': '8.901e-06', 'epoch': '0.01063'}
{'loss': '1.048', 'grad_norm': '23.75', 'learning_rate': '8.869e-06', 'epoch': '0.01065'}
{'loss': '1.961', 'grad_norm': '20.62', 'learning_rate': '8.837e-06', 'epoch': '0.01066'}
{'loss': '1.266', 'grad_norm': '17.5', 'learning_rate': '8.805e-06', 'epoch': '0.01068'}
{'loss': '1.145', 'grad_norm': '15.94', 'learning_rate': '8.772e-06', 'epoch': '0.0107'}
{'loss': '1.274', 'grad_norm': '16.5', 'learning_rate': '8.74e-06', 'epoch': '0.01072'}
{'loss': '0.6136', 'grad_norm': '9.875', 'learning_rate': '8.708e-06', 'epoch': '0.01074'}
{'loss': '1.557', 'grad_norm': '16.5', 'learning_rate': '8.676e-06', 'epoch': '0.01076'}
{'loss': '0.2568', 'grad_norm': '41.5', 'learning_rate': '8.644e-06', 'epoch': '0.01078'}
{'loss': '0.4471', 'grad_norm': '22', 'learning_rate': '8.612e-06', 'epoch': '0.0108'}
{'loss': '0.3496', 'grad_norm': '37.75', 'learning_rate': '8.58e-06', 'epoch': '0.01082'}
{'loss': '1.668', 'grad_norm': '27.25', 'learning_rate': '8.548e-06', 'epoch': '0.01084'}
{'loss': '1.025', 'grad_norm': '32', 'learning_rate': '8.516e-06', 'epoch': '0.01086'}
{'loss': '1.535', 'grad_norm': '29.38', 'learning_rate': '8.484e-06', 'epoch': '0.01088'}
{'loss': '0.8802', 'grad_norm': '85.5', 'learning_rate': '8.452e-06', 'epoch': '0.0109'}
{'loss': '0.9124', 'grad_norm': '96.5', 'learning_rate': '8.42e-06', 'epoch': '0.01092'}
{'loss': '0.8292', 'grad_norm': '38', 'learning_rate': '8.388e-06', 'epoch': '0.01094'}
{'loss': '1.431', 'grad_norm': '24.88', 'learning_rate': '8.356e-06', 'epoch': '0.01095'}
{'loss': '1.172', 'grad_norm': '27.38', 'learning_rate': '8.324e-06', 'epoch': '0.01097'}
{'loss': '1.473', 'grad_norm': '18.12', 'learning_rate': '8.292e-06', 'epoch': '0.01099'}
{'loss': '0.9893', 'grad_norm': '25.25', 'learning_rate': '8.26e-06', 'epoch': '0.01101'}
{'loss': '1.482', 'grad_norm': '40.75', 'learning_rate': '8.228e-06', 'epoch': '0.01103'}
{'loss': '2.927', 'grad_norm': '31.5', 'learning_rate': '8.196e-06', 'epoch': '0.01105'}
{'loss': '1.503', 'grad_norm': '31.25', 'learning_rate': '8.164e-06', 'epoch': '0.01107'}
{'loss': '1.646', 'grad_norm': '24.88', 'learning_rate': '8.133e-06', 'epoch': '0.01109'}
{'loss': '1.487', 'grad_norm': '16.38', 'learning_rate': '8.101e-06', 'epoch': '0.01111'}
{'loss': '1.481', 'grad_norm': '22.88', 'learning_rate': '8.069e-06', 'epoch': '0.01113'}
{'loss': '1.21', 'grad_norm': '14.75', 'learning_rate': '8.037e-06', 'epoch': '0.01115'}
{'loss': '0.4737', 'grad_norm': '8.812', 'learning_rate': '8.005e-06', 'epoch': '0.01117'}
{'loss': '0.3411', 'grad_norm': '24.75', 'learning_rate': '7.974e-06', 'epoch': '0.01119'}
{'loss': '0.1299', 'grad_norm': '25.12', 'learning_rate': '7.942e-06', 'epoch': '0.01121'}
{'loss': '0.5702', 'grad_norm': '64.5', 'learning_rate': '7.91e-06', 'epoch': '0.01122'}
{'loss': '0.4592', 'grad_norm': '38.75', 'learning_rate': '7.879e-06', 'epoch': '0.01124'}
{'loss': '1.532', 'grad_norm': '23.38', 'learning_rate': '7.847e-06', 'epoch': '0.01126'}
{'loss': '1.21', 'grad_norm': '42.75', 'learning_rate': '7.815e-06', 'epoch': '0.01128'}
{'loss': '2.338', 'grad_norm': '64.5', 'learning_rate': '7.784e-06', 'epoch': '0.0113'}
{'loss': '1.755', 'grad_norm': '32.75', 'learning_rate': '7.752e-06', 'epoch': '0.01132'}
{'loss': '1.607', 'grad_norm': '35.75', 'learning_rate': '7.721e-06', 'epoch': '0.01134'}
{'loss': '1.755', 'grad_norm': '31.75', 'learning_rate': '7.689e-06', 'epoch': '0.01136'}
{'loss': '1.03', 'grad_norm': '26.38', 'learning_rate': '7.658e-06', 'epoch': '0.01138'}
{'loss': '1.285', 'grad_norm': '17.25', 'learning_rate': '7.626e-06', 'epoch': '0.0114'}
{'loss': '0.864', 'grad_norm': '39.5', 'learning_rate': '7.595e-06', 'epoch': '0.01142'}
{'loss': '1.172', 'grad_norm': '32.5', 'learning_rate': '7.563e-06', 'epoch': '0.01144'}
{'loss': '0.4263', 'grad_norm': '43.25', 'learning_rate': '7.532e-06', 'epoch': '0.01146'}
{'loss': '1.935', 'grad_norm': '28', 'learning_rate': '7.501e-06', 'epoch': '0.01148'}
{'loss': '1.758', 'grad_norm': '22.5', 'learning_rate': '7.469e-06', 'epoch': '0.0115'}
{'loss': '1.87', 'grad_norm': '21.5', 'learning_rate': '7.438e-06', 'epoch': '0.01151'}
{'loss': '1.104', 'grad_norm': '25.25', 'learning_rate': '7.407e-06', 'epoch': '0.01153'}
{'loss': '0.8754', 'grad_norm': '19.5', 'learning_rate': '7.375e-06', 'epoch': '0.01155'}
{'loss': '0.8091', 'grad_norm': '19.25', 'learning_rate': '7.344e-06', 'epoch': '0.01157'}
{'loss': '0.5622', 'grad_norm': '30.62', 'learning_rate': '7.313e-06', 'epoch': '0.01159'}
{'loss': '1.39', 'grad_norm': '37', 'learning_rate': '7.282e-06', 'epoch': '0.01161'}
{'loss': '1.056', 'grad_norm': '13.5', 'learning_rate': '7.251e-06', 'epoch': '0.01163'}
{'loss': '0.5613', 'grad_norm': '35.75', 'learning_rate': '7.219e-06', 'epoch': '0.01165'}
{'loss': '1.346', 'grad_norm': '16.62', 'learning_rate': '7.188e-06', 'epoch': '0.01167'}
{'loss': '1.076', 'grad_norm': '18.62', 'learning_rate': '7.157e-06', 'epoch': '0.01169'}
{'loss': '2.679', 'grad_norm': '103.5', 'learning_rate': '7.126e-06', 'epoch': '0.01171'}
{'loss': '0.8286', 'grad_norm': '32.5', 'learning_rate': '7.095e-06', 'epoch': '0.01173'}
{'loss': '1.868', 'grad_norm': '18.38', 'learning_rate': '7.064e-06', 'epoch': '0.01175'}
{'loss': '1.443', 'grad_norm': '25.25', 'learning_rate': '7.033e-06', 'epoch': '0.01177'}
{'loss': '0.6163', 'grad_norm': '88', 'learning_rate': '7.002e-06', 'epoch': '0.01179'}
{'loss': '1.508', 'grad_norm': '18.62', 'learning_rate': '6.971e-06', 'epoch': '0.0118'}
{'loss': '1.333', 'grad_norm': '23.12', 'learning_rate': '6.941e-06', 'epoch': '0.01182'}
{'loss': '1.374', 'grad_norm': '15.69', 'learning_rate': '6.91e-06', 'epoch': '0.01184'}
{'loss': '2.02', 'grad_norm': '201', 'learning_rate': '6.879e-06', 'epoch': '0.01186'}
{'loss': '0.9061', 'grad_norm': '22', 'learning_rate': '6.848e-06', 'epoch': '0.01188'}
{'loss': '1.871', 'grad_norm': '104', 'learning_rate': '6.818e-06', 'epoch': '0.0119'}
{'loss': '1.12', 'grad_norm': '17.75', 'learning_rate': '6.787e-06', 'epoch': '0.01192'}
{'loss': '1.2', 'grad_norm': '44', 'learning_rate': '6.756e-06', 'epoch': '0.01194'}
{'loss': '0.85', 'grad_norm': '74', 'learning_rate': '6.726e-06', 'epoch': '0.01196'}
{'loss': '1.615', 'grad_norm': '30', 'learning_rate': '6.695e-06', 'epoch': '0.01198'}
{'loss': '1.96', 'grad_norm': '36.25', 'learning_rate': '6.664e-06', 'epoch': '0.012'}
{'loss': '1.257', 'grad_norm': '24.38', 'learning_rate': '6.634e-06', 'epoch': '0.01202'}
{'loss': '1.538', 'grad_norm': '21', 'learning_rate': '6.603e-06', 'epoch': '0.01204'}
{'loss': '1.544', 'grad_norm': '61.25', 'learning_rate': '6.573e-06', 'epoch': '0.01206'}
{'loss': '1.776', 'grad_norm': '72', 'learning_rate': '6.543e-06', 'epoch': '0.01207'}
{'loss': '1.916', 'grad_norm': '39.5', 'learning_rate': '6.512e-06', 'epoch': '0.01209'}
{'loss': '3.488', 'grad_norm': '33', 'learning_rate': '6.482e-06', 'epoch': '0.01211'}
{'loss': '0.3293', 'grad_norm': '42.75', 'learning_rate': '6.452e-06', 'epoch': '0.01213'}
{'loss': '1.125', 'grad_norm': '17.12', 'learning_rate': '6.421e-06', 'epoch': '0.01215'}
{'loss': '0.1837', 'grad_norm': '33.75', 'learning_rate': '6.391e-06', 'epoch': '0.01217'}
{'loss': '1.043', 'grad_norm': '19', 'learning_rate': '6.361e-06', 'epoch': '0.01219'}
{'loss': '2.991', 'grad_norm': '107.5', 'learning_rate': '6.331e-06', 'epoch': '0.01221'}
{'loss': '2.177', 'grad_norm': '36.5', 'learning_rate': '6.301e-06', 'epoch': '0.01223'}
{'loss': '1.505', 'grad_norm': '49.5', 'learning_rate': '6.271e-06', 'epoch': '0.01225'}
{'loss': '1.131', 'grad_norm': '12.56', 'learning_rate': '6.241e-06', 'epoch': '0.01227'}
{'loss': '1.29', 'grad_norm': '21.12', 'learning_rate': '6.211e-06', 'epoch': '0.01229'}
{'loss': '0.9998', 'grad_norm': '27', 'learning_rate': '6.181e-06', 'epoch': '0.01231'}
{'loss': '0.02369', 'grad_norm': '7.812', 'learning_rate': '6.151e-06', 'epoch': '0.01233'}
{'loss': '1.625', 'grad_norm': '15.62', 'learning_rate': '6.121e-06', 'epoch': '0.01235'}
{'loss': '1.469', 'grad_norm': '33', 'learning_rate': '6.091e-06', 'epoch': '0.01236'}
{'loss': '1.232', 'grad_norm': '21.38', 'learning_rate': '6.061e-06', 'epoch': '0.01238'}
{'loss': '1.511', 'grad_norm': '23.88', 'learning_rate': '6.031e-06', 'epoch': '0.0124'}
{'loss': '1.708', 'grad_norm': '20.75', 'learning_rate': '6.002e-06', 'epoch': '0.01242'}
{'loss': '1.309', 'grad_norm': '29.25', 'learning_rate': '5.972e-06', 'epoch': '0.01244'}
{'loss': '0.734', 'grad_norm': '46', 'learning_rate': '5.942e-06', 'epoch': '0.01246'}
{'loss': '1.162', 'grad_norm': '18.12', 'learning_rate': '5.913e-06', 'epoch': '0.01248'}
{'loss': '2.589', 'grad_norm': '106', 'learning_rate': '5.883e-06', 'epoch': '0.0125'}
{'loss': '2.124', 'grad_norm': '35.5', 'learning_rate': '5.854e-06', 'epoch': '0.01252'}
{'loss': '2.032', 'grad_norm': '164', 'learning_rate': '5.824e-06', 'epoch': '0.01254'}
{'loss': '2.201', 'grad_norm': '117', 'learning_rate': '5.795e-06', 'epoch': '0.01256'}
{'loss': '1.873', 'grad_norm': '39.75', 'learning_rate': '5.766e-06', 'epoch': '0.01258'}
{'loss': '0.5453', 'grad_norm': '24.75', 'learning_rate': '5.736e-06', 'epoch': '0.0126'}
{'loss': '0.573', 'grad_norm': '212', 'learning_rate': '5.707e-06', 'epoch': '0.01262'}
{'loss': '1.73', 'grad_norm': '45.75', 'learning_rate': '5.678e-06', 'epoch': '0.01264'}
{'loss': '1.783', 'grad_norm': '21.25', 'learning_rate': '5.649e-06', 'epoch': '0.01265'}
{'loss': '2.069', 'grad_norm': '37.75', 'learning_rate': '5.62e-06', 'epoch': '0.01267'}
{'loss': '1.685', 'grad_norm': '23.12', 'learning_rate': '5.59e-06', 'epoch': '0.01269'}
{'loss': '1.653', 'grad_norm': '25.88', 'learning_rate': '5.561e-06', 'epoch': '0.01271'}
{'loss': '2.098', 'grad_norm': '19', 'learning_rate': '5.532e-06', 'epoch': '0.01273'}
{'loss': '0.6427', 'grad_norm': '95.5', 'learning_rate': '5.503e-06', 'epoch': '0.01275'}
{'loss': '1.723', 'grad_norm': '26.62', 'learning_rate': '5.475e-06', 'epoch': '0.01277'}
{'loss': '1.825', 'grad_norm': '28.62', 'learning_rate': '5.446e-06', 'epoch': '0.01279'}
{'loss': '1.863', 'grad_norm': '19.38', 'learning_rate': '5.417e-06', 'epoch': '0.01281'}
{'loss': '1.663', 'grad_norm': '25.25', 'learning_rate': '5.388e-06', 'epoch': '0.01283'}
{'loss': '1.153', 'grad_norm': '13.75', 'learning_rate': '5.359e-06', 'epoch': '0.01285'}
{'loss': '0.7677', 'grad_norm': '21.75', 'learning_rate': '5.331e-06', 'epoch': '0.01287'}
{'loss': '0.7367', 'grad_norm': '60.75', 'learning_rate': '5.302e-06', 'epoch': '0.01289'}
{'loss': '1.457', 'grad_norm': '19.38', 'learning_rate': '5.274e-06', 'epoch': '0.01291'}
{'loss': '1.648', 'grad_norm': '23.62', 'learning_rate': '5.245e-06', 'epoch': '0.01293'}
{'loss': '1.339', 'grad_norm': '15.38', 'learning_rate': '5.217e-06', 'epoch': '0.01294'}
{'loss': '0.9828', 'grad_norm': '19.75', 'learning_rate': '5.188e-06', 'epoch': '0.01296'}
{'loss': '1.615', 'grad_norm': '33.75', 'learning_rate': '5.16e-06', 'epoch': '0.01298'}
{'loss': '1.181', 'grad_norm': '14.69', 'learning_rate': '5.131e-06', 'epoch': '0.013'}
{'loss': '0.1389', 'grad_norm': '25.38', 'learning_rate': '5.103e-06', 'epoch': '0.01302'}
{'loss': '1.092', 'grad_norm': '14.38', 'learning_rate': '5.075e-06', 'epoch': '0.01304'}
{'loss': '2', 'grad_norm': '29.75', 'learning_rate': '5.047e-06', 'epoch': '0.01306'}
{'loss': '1.231', 'grad_norm': '19.38', 'learning_rate': '5.019e-06', 'epoch': '0.01308'}
{'loss': '1.89', 'grad_norm': '26.75', 'learning_rate': '4.991e-06', 'epoch': '0.0131'}
{'loss': '1.571', 'grad_norm': '38.5', 'learning_rate': '4.963e-06', 'epoch': '0.01312'}
{'loss': '1.695', 'grad_norm': '20.62', 'learning_rate': '4.935e-06', 'epoch': '0.01314'}
{'loss': '1.208', 'grad_norm': '15.19', 'learning_rate': '4.907e-06', 'epoch': '0.01316'}
{'loss': '2.14', 'grad_norm': '26.38', 'learning_rate': '4.879e-06', 'epoch': '0.01318'}
{'loss': '0.9458', 'grad_norm': '125.5', 'learning_rate': '4.851e-06', 'epoch': '0.0132'}
{'loss': '1.913', 'grad_norm': '21', 'learning_rate': '4.823e-06', 'epoch': '0.01321'}
{'loss': '1.462', 'grad_norm': '19.5', 'learning_rate': '4.796e-06', 'epoch': '0.01323'}
{'loss': '1.474', 'grad_norm': '23.25', 'learning_rate': '4.768e-06', 'epoch': '0.01325'}
{'loss': '1.648', 'grad_norm': '18.88', 'learning_rate': '4.741e-06', 'epoch': '0.01327'}
{'loss': '2.004', 'grad_norm': '47.5', 'learning_rate': '4.713e-06', 'epoch': '0.01329'}
{'loss': '1.455', 'grad_norm': '26.38', 'learning_rate': '4.686e-06', 'epoch': '0.01331'}
{'loss': '1.669', 'grad_norm': '26.25', 'learning_rate': '4.658e-06', 'epoch': '0.01333'}
{'loss': '0.8799', 'grad_norm': '20', 'learning_rate': '4.631e-06', 'epoch': '0.01335'}
{'loss': '2.501', 'grad_norm': '105', 'learning_rate': '4.604e-06', 'epoch': '0.01337'}
{'loss': '1.951', 'grad_norm': '78', 'learning_rate': '4.576e-06', 'epoch': '0.01339'}
{'loss': '0.04271', 'grad_norm': '20.62', 'learning_rate': '4.549e-06', 'epoch': '0.01341'}
{'loss': '1.618', 'grad_norm': '33.25', 'learning_rate': '4.522e-06', 'epoch': '0.01343'}
{'loss': '1.553', 'grad_norm': '24.62', 'learning_rate': '4.495e-06', 'epoch': '0.01345'}
{'loss': '1.121', 'grad_norm': '18.38', 'learning_rate': '4.468e-06', 'epoch': '0.01347'}
{'loss': '0.7561', 'grad_norm': '29.75', 'learning_rate': '4.441e-06', 'epoch': '0.01349'}
{'loss': '1.556', 'grad_norm': '15.88', 'learning_rate': '4.414e-06', 'epoch': '0.0135'}
{'loss': '1.622', 'grad_norm': '17', 'learning_rate': '4.387e-06', 'epoch': '0.01352'}
{'loss': '0.4883', 'grad_norm': '46.25', 'learning_rate': '4.36e-06', 'epoch': '0.01354'}
{'loss': '1.689', 'grad_norm': '24.38', 'learning_rate': '4.334e-06', 'epoch': '0.01356'}
{'loss': '2.995', 'grad_norm': '173', 'learning_rate': '4.307e-06', 'epoch': '0.01358'}
{'loss': '0.9854', 'grad_norm': '18.25', 'learning_rate': '4.28e-06', 'epoch': '0.0136'}
{'loss': '1.729', 'grad_norm': '39.75', 'learning_rate': '4.254e-06', 'epoch': '0.01362'}
{'loss': '1.045', 'grad_norm': '53.25', 'learning_rate': '4.227e-06', 'epoch': '0.01364'}
{'loss': '1.609', 'grad_norm': '16', 'learning_rate': '4.201e-06', 'epoch': '0.01366'}
{'loss': '0.1051', 'grad_norm': '17.75', 'learning_rate': '4.175e-06', 'epoch': '0.01368'}
{'loss': '1.296', 'grad_norm': '15', 'learning_rate': '4.148e-06', 'epoch': '0.0137'}
{'loss': '2.252', 'grad_norm': '75.5', 'learning_rate': '4.122e-06', 'epoch': '0.01372'}
{'loss': '1.102', 'grad_norm': '14.5', 'learning_rate': '4.096e-06', 'epoch': '0.01374'}
{'loss': '0.04207', 'grad_norm': '13', 'learning_rate': '4.07e-06', 'epoch': '0.01376'}
{'loss': '1.056', 'grad_norm': '115', 'learning_rate': '4.044e-06', 'epoch': '0.01378'}
{'loss': '1.822', 'grad_norm': '26', 'learning_rate': '4.018e-06', 'epoch': '0.01379'}
{'loss': '1.939', 'grad_norm': '42.75', 'learning_rate': '3.992e-06', 'epoch': '0.01381'}
{'loss': '0.726', 'grad_norm': '68', 'learning_rate': '3.966e-06', 'epoch': '0.01383'}
{'loss': '1.813', 'grad_norm': '20.12', 'learning_rate': '3.94e-06', 'epoch': '0.01385'}
{'loss': '1.485', 'grad_norm': '28.25', 'learning_rate': '3.915e-06', 'epoch': '0.01387'}
{'loss': '1.551', 'grad_norm': '41.75', 'learning_rate': '3.889e-06', 'epoch': '0.01389'}
{'loss': '1.465', 'grad_norm': '39.75', 'learning_rate': '3.863e-06', 'epoch': '0.01391'}
{'loss': '0.8807', 'grad_norm': '15.06', 'learning_rate': '3.838e-06', 'epoch': '0.01393'}
{'loss': '1.652', 'grad_norm': '120', 'learning_rate': '3.812e-06', 'epoch': '0.01395'}
{'loss': '1.713', 'grad_norm': '18.75', 'learning_rate': '3.787e-06', 'epoch': '0.01397'}
{'loss': '1.186', 'grad_norm': '28.25', 'learning_rate': '3.761e-06', 'epoch': '0.01399'}
{'loss': '1.603', 'grad_norm': '17.38', 'learning_rate': '3.736e-06', 'epoch': '0.01401'}
{'loss': '1.626', 'grad_norm': '22.88', 'learning_rate': '3.711e-06', 'epoch': '0.01403'}
{'loss': '2.612', 'grad_norm': '22.38', 'learning_rate': '3.686e-06', 'epoch': '0.01405'}
{'loss': '1.452', 'grad_norm': '19.38', 'learning_rate': '3.661e-06', 'epoch': '0.01406'}
{'loss': '1.697', 'grad_norm': '19.5', 'learning_rate': '3.636e-06', 'epoch': '0.01408'}
{'loss': '1.19', 'grad_norm': '16.38', 'learning_rate': '3.611e-06', 'epoch': '0.0141'}
{'loss': '0.9202', 'grad_norm': '12.12', 'learning_rate': '3.586e-06', 'epoch': '0.01412'}
{'loss': '1.487', 'grad_norm': '80.5', 'learning_rate': '3.561e-06', 'epoch': '0.01414'}
{'loss': '0.3334', 'grad_norm': '44.5', 'learning_rate': '3.536e-06', 'epoch': '0.01416'}
{'loss': '1.213', 'grad_norm': '48', 'learning_rate': '3.512e-06', 'epoch': '0.01418'}
{'loss': '1.814', 'grad_norm': '25.62', 'learning_rate': '3.487e-06', 'epoch': '0.0142'}
{'loss': '1.457', 'grad_norm': '30.12', 'learning_rate': '3.463e-06', 'epoch': '0.01422'}
{'loss': '1.428', 'grad_norm': '16.75', 'learning_rate': '3.438e-06', 'epoch': '0.01424'}
{'loss': '2.217', 'grad_norm': '23.88', 'learning_rate': '3.414e-06', 'epoch': '0.01426'}
{'loss': '1.181', 'grad_norm': '132', 'learning_rate': '3.389e-06', 'epoch': '0.01428'}
{'loss': '2.549', 'grad_norm': '80', 'learning_rate': '3.365e-06', 'epoch': '0.0143'}
{'loss': '1.335', 'grad_norm': '17.12', 'learning_rate': '3.341e-06', 'epoch': '0.01432'}
{'loss': '1.454', 'grad_norm': '47', 'learning_rate': '3.317e-06', 'epoch': '0.01434'}
{'loss': '0.9571', 'grad_norm': '15.5', 'learning_rate': '3.293e-06', 'epoch': '0.01435'}
{'loss': '1.384', 'grad_norm': '16.62', 'learning_rate': '3.269e-06', 'epoch': '0.01437'}
{'loss': '2.29', 'grad_norm': '168', 'learning_rate': '3.245e-06', 'epoch': '0.01439'}
{'loss': '1.805', 'grad_norm': '66.5', 'learning_rate': '3.221e-06', 'epoch': '0.01441'}
{'loss': '1.321', 'grad_norm': '21.12', 'learning_rate': '3.197e-06', 'epoch': '0.01443'}
{'loss': '1.846', 'grad_norm': '20.12', 'learning_rate': '3.173e-06', 'epoch': '0.01445'}
{'loss': '1.365', 'grad_norm': '12.5', 'learning_rate': '3.15e-06', 'epoch': '0.01447'}
{'loss': '1.18', 'grad_norm': '30.62', 'learning_rate': '3.126e-06', 'epoch': '0.01449'}
{'loss': '1.669', 'grad_norm': '65.5', 'learning_rate': '3.103e-06', 'epoch': '0.01451'}
{'loss': '0.6591', 'grad_norm': '79.5', 'learning_rate': '3.079e-06', 'epoch': '0.01453'}
{'loss': '1.519', 'grad_norm': '41.5', 'learning_rate': '3.056e-06', 'epoch': '0.01455'}
{'loss': '0.1744', 'grad_norm': '43.25', 'learning_rate': '3.033e-06', 'epoch': '0.01457'}
{'loss': '1.474', 'grad_norm': '19.38', 'learning_rate': '3.01e-06', 'epoch': '0.01459'}
{'loss': '1.205', 'grad_norm': '26.12', 'learning_rate': '2.986e-06', 'epoch': '0.01461'}
{'loss': '1.086', 'grad_norm': '25.5', 'learning_rate': '2.963e-06', 'epoch': '0.01463'}
{'loss': '1.56', 'grad_norm': '22.75', 'learning_rate': '2.94e-06', 'epoch': '0.01464'}
{'loss': '2.035', 'grad_norm': '21.75', 'learning_rate': '2.917e-06', 'epoch': '0.01466'}
{'loss': '1.525', 'grad_norm': '19.62', 'learning_rate': '2.895e-06', 'epoch': '0.01468'}
{'loss': '1.497', 'grad_norm': '20.88', 'learning_rate': '2.872e-06', 'epoch': '0.0147'}
{'loss': '2.115', 'grad_norm': '76', 'learning_rate': '2.849e-06', 'epoch': '0.01472'}
{'loss': '1.279', 'grad_norm': '13.81', 'learning_rate': '2.827e-06', 'epoch': '0.01474'}
{'loss': '1.261', 'grad_norm': '19.88', 'learning_rate': '2.804e-06', 'epoch': '0.01476'}
{'loss': '1.189', 'grad_norm': '20.38', 'learning_rate': '2.782e-06', 'epoch': '0.01478'}
{'loss': '0.8479', 'grad_norm': '21.75', 'learning_rate': '2.759e-06', 'epoch': '0.0148'}
{'loss': '1.888', 'grad_norm': '26.88', 'learning_rate': '2.737e-06', 'epoch': '0.01482'}
{'loss': '1.661', 'grad_norm': '17.25', 'learning_rate': '2.715e-06', 'epoch': '0.01484'}
{'loss': '0.4893', 'grad_norm': '27.75', 'learning_rate': '2.693e-06', 'epoch': '0.01486'}
{'loss': '2.63', 'grad_norm': '52.5', 'learning_rate': '2.671e-06', 'epoch': '0.01488'}
{'loss': '1.702', 'grad_norm': '27.88', 'learning_rate': '2.649e-06', 'epoch': '0.0149'}
{'loss': '0.01687', 'grad_norm': '4.781', 'learning_rate': '2.627e-06', 'epoch': '0.01491'}
{'loss': '1.853', 'grad_norm': '18.62', 'learning_rate': '2.605e-06', 'epoch': '0.01493'}
{'loss': '0.9227', 'grad_norm': '47.25', 'learning_rate': '2.583e-06', 'epoch': '0.01495'}
{'loss': '1.611', 'grad_norm': '15.19', 'learning_rate': '2.561e-06', 'epoch': '0.01497'}
{'loss': '1.882', 'grad_norm': '35.25', 'learning_rate': '2.54e-06', 'epoch': '0.01499'}
{'loss': '1.541', 'grad_norm': '26.25', 'learning_rate': '2.518e-06', 'epoch': '0.01501'}
{'loss': '1.154', 'grad_norm': '66.5', 'learning_rate': '2.497e-06', 'epoch': '0.01503'}
{'loss': '1.169', 'grad_norm': '17.38', 'learning_rate': '2.475e-06', 'epoch': '0.01505'}
{'loss': '1.785', 'grad_norm': '20.62', 'learning_rate': '2.454e-06', 'epoch': '0.01507'}
{'loss': '1.454', 'grad_norm': '26.38', 'learning_rate': '2.433e-06', 'epoch': '0.01509'}
{'loss': '1.516', 'grad_norm': '27', 'learning_rate': '2.412e-06', 'epoch': '0.01511'}
{'loss': '0.7489', 'grad_norm': '37.25', 'learning_rate': '2.391e-06', 'epoch': '0.01513'}
{'loss': '2.364', 'grad_norm': '344', 'learning_rate': '2.37e-06', 'epoch': '0.01515'}
{'loss': '1.631', 'grad_norm': '16.25', 'learning_rate': '2.349e-06', 'epoch': '0.01517'}
{'loss': '2.74', 'grad_norm': '158', 'learning_rate': '2.328e-06', 'epoch': '0.01519'}
{'loss': '0.02787', 'grad_norm': '7.281', 'learning_rate': '2.307e-06', 'epoch': '0.0152'}
{'loss': '1.517', 'grad_norm': '14.88', 'learning_rate': '2.287e-06', 'epoch': '0.01522'}
{'loss': '1.261', 'grad_norm': '37.75', 'learning_rate': '2.266e-06', 'epoch': '0.01524'}
{'loss': '1.479', 'grad_norm': '37.5', 'learning_rate': '2.246e-06', 'epoch': '0.01526'}
{'loss': '1.191', 'grad_norm': '16.75', 'learning_rate': '2.225e-06', 'epoch': '0.01528'}
{'loss': '0.07013', 'grad_norm': '25.62', 'learning_rate': '2.205e-06', 'epoch': '0.0153'}
{'loss': '2.72', 'grad_norm': '107', 'learning_rate': '2.185e-06', 'epoch': '0.01532'}
{'loss': '2.033', 'grad_norm': '64.5', 'learning_rate': '2.164e-06', 'epoch': '0.01534'}
{'loss': '2.177', 'grad_norm': '18.62', 'learning_rate': '2.144e-06', 'epoch': '0.01536'}
{'loss': '0.2887', 'grad_norm': '54.75', 'learning_rate': '2.124e-06', 'epoch': '0.01538'}
{'loss': '1.603', 'grad_norm': '33.25', 'learning_rate': '2.104e-06', 'epoch': '0.0154'}
{'loss': '3.387', 'grad_norm': '189', 'learning_rate': '2.085e-06', 'epoch': '0.01542'}
{'loss': '1.602', 'grad_norm': '21.12', 'learning_rate': '2.065e-06', 'epoch': '0.01544'}
{'loss': '0.2932', 'grad_norm': '47', 'learning_rate': '2.045e-06', 'epoch': '0.01546'}
{'loss': '0.319', 'grad_norm': '38.75', 'learning_rate': '2.026e-06', 'epoch': '0.01548'}
{'loss': '0.8787', 'grad_norm': '17.25', 'learning_rate': '2.006e-06', 'epoch': '0.01549'}
{'loss': '0.4988', 'grad_norm': '47', 'learning_rate': '1.987e-06', 'epoch': '0.01551'}
{'loss': '2.782', 'grad_norm': '108', 'learning_rate': '1.967e-06', 'epoch': '0.01553'}
{'loss': '1.402', 'grad_norm': '22.12', 'learning_rate': '1.948e-06', 'epoch': '0.01555'}
{'loss': '0.6971', 'grad_norm': '17.12', 'learning_rate': '1.929e-06', 'epoch': '0.01557'}
{'loss': '1.58', 'grad_norm': '51.25', 'learning_rate': '1.91e-06', 'epoch': '0.01559'}
{'loss': '0.8908', 'grad_norm': '35.5', 'learning_rate': '1.891e-06', 'epoch': '0.01561'}
{'loss': '0.1354', 'grad_norm': '25.75', 'learning_rate': '1.872e-06', 'epoch': '0.01563'}
{'loss': '0.8335', 'grad_norm': '80.5', 'learning_rate': '1.853e-06', 'epoch': '0.01565'}
{'loss': '0.4013', 'grad_norm': '59.25', 'learning_rate': '1.834e-06', 'epoch': '0.01567'}
{'loss': '1.747', 'grad_norm': '64.5', 'learning_rate': '1.816e-06', 'epoch': '0.01569'}
{'loss': '1.71', 'grad_norm': '75', 'learning_rate': '1.797e-06', 'epoch': '0.01571'}
{'loss': '1.391', 'grad_norm': '16.88', 'learning_rate': '1.779e-06', 'epoch': '0.01573'}
{'loss': '1.097', 'grad_norm': '31.62', 'learning_rate': '1.76e-06', 'epoch': '0.01575'}
{'loss': '1.105', 'grad_norm': '68.5', 'learning_rate': '1.742e-06', 'epoch': '0.01577'}
{'loss': '1.98', 'grad_norm': '32.75', 'learning_rate': '1.724e-06', 'epoch': '0.01578'}
{'loss': '1.947', 'grad_norm': '31.5', 'learning_rate': '1.706e-06', 'epoch': '0.0158'}
{'loss': '1.041', 'grad_norm': '26.12', 'learning_rate': '1.688e-06', 'epoch': '0.01582'}
{'loss': '1.121', 'grad_norm': '19.62', 'learning_rate': '1.67e-06', 'epoch': '0.01584'}
{'loss': '1.847', 'grad_norm': '24.75', 'learning_rate': '1.652e-06', 'epoch': '0.01586'}
{'loss': '0.08855', 'grad_norm': '24.88', 'learning_rate': '1.634e-06', 'epoch': '0.01588'}
{'loss': '1.225', 'grad_norm': '15.12', 'learning_rate': '1.616e-06', 'epoch': '0.0159'}
{'loss': '0.7128', 'grad_norm': '11.94', 'learning_rate': '1.599e-06', 'epoch': '0.01592'}
{'loss': '1.823', 'grad_norm': '43.25', 'learning_rate': '1.581e-06', 'epoch': '0.01594'}
{'loss': '1.332', 'grad_norm': '24.75', 'learning_rate': '1.564e-06', 'epoch': '0.01596'}
{'loss': '1.087', 'grad_norm': '14.62', 'learning_rate': '1.546e-06', 'epoch': '0.01598'}
{'loss': '1.134', 'grad_norm': '24.25', 'learning_rate': '1.529e-06', 'epoch': '0.016'}
{'loss': '1.549', 'grad_norm': '33', 'learning_rate': '1.512e-06', 'epoch': '0.01602'}
{'loss': '1.275', 'grad_norm': '15.56', 'learning_rate': '1.495e-06', 'epoch': '0.01604'}
{'loss': '1.177', 'grad_norm': '29', 'learning_rate': '1.478e-06', 'epoch': '0.01605'}
{'loss': '2.074', 'grad_norm': '19.25', 'learning_rate': '1.461e-06', 'epoch': '0.01607'}
{'loss': '0.8945', 'grad_norm': '26.25', 'learning_rate': '1.444e-06', 'epoch': '0.01609'}
{'loss': '1.278', 'grad_norm': '27', 'learning_rate': '1.427e-06', 'epoch': '0.01611'}
{'loss': '1.369', 'grad_norm': '27.5', 'learning_rate': '1.411e-06', 'epoch': '0.01613'}
{'loss': '0.9763', 'grad_norm': '52.75', 'learning_rate': '1.394e-06', 'epoch': '0.01615'}
{'loss': '0.7157', 'grad_norm': '56.5', 'learning_rate': '1.378e-06', 'epoch': '0.01617'}
{'loss': '2.011', 'grad_norm': '136', 'learning_rate': '1.361e-06', 'epoch': '0.01619'}
{'loss': '1.256', 'grad_norm': '17.38', 'learning_rate': '1.345e-06', 'epoch': '0.01621'}
{'loss': '1.857', 'grad_norm': '29', 'learning_rate': '1.329e-06', 'epoch': '0.01623'}
{'loss': '1.394', 'grad_norm': '14.62', 'learning_rate': '1.313e-06', 'epoch': '0.01625'}
{'loss': '1.64', 'grad_norm': '17', 'learning_rate': '1.297e-06', 'epoch': '0.01627'}
{'loss': '1.144', 'grad_norm': '13', 'learning_rate': '1.281e-06', 'epoch': '0.01629'}
{'loss': '0.822', 'grad_norm': '23.75', 'learning_rate': '1.265e-06', 'epoch': '0.01631'}
{'loss': '0.891', 'grad_norm': '30.75', 'learning_rate': '1.249e-06', 'epoch': '0.01633'}
{'loss': '1.575', 'grad_norm': '31.12', 'learning_rate': '1.234e-06', 'epoch': '0.01634'}
{'loss': '0.8384', 'grad_norm': '34.5', 'learning_rate': '1.218e-06', 'epoch': '0.01636'}
{'loss': '1.013', 'grad_norm': '14.12', 'learning_rate': '1.203e-06', 'epoch': '0.01638'}
{'loss': '1.134', 'grad_norm': '16.38', 'learning_rate': '1.187e-06', 'epoch': '0.0164'}
{'loss': '1.07', 'grad_norm': '15.06', 'learning_rate': '1.172e-06', 'epoch': '0.01642'}
{'loss': '1.116', 'grad_norm': '18.75', 'learning_rate': '1.157e-06', 'epoch': '0.01644'}
{'loss': '1.217', 'grad_norm': '18.12', 'learning_rate': '1.142e-06', 'epoch': '0.01646'}
{'loss': '2.002', 'grad_norm': '37.5', 'learning_rate': '1.127e-06', 'epoch': '0.01648'}
{'loss': '2.017', 'grad_norm': '32.5', 'learning_rate': '1.112e-06', 'epoch': '0.0165'}
{'loss': '0.7947', 'grad_norm': '50', 'learning_rate': '1.097e-06', 'epoch': '0.01652'}
{'loss': '2.65', 'grad_norm': '22.25', 'learning_rate': '1.083e-06', 'epoch': '0.01654'}
{'loss': '1.674', 'grad_norm': '43.75', 'learning_rate': '1.068e-06', 'epoch': '0.01656'}
{'loss': '1.333', 'grad_norm': '15.31', 'learning_rate': '1.053e-06', 'epoch': '0.01658'}
{'loss': '2.208', 'grad_norm': '22.25', 'learning_rate': '1.039e-06', 'epoch': '0.0166'}
{'loss': '0.9361', 'grad_norm': '38.25', 'learning_rate': '1.025e-06', 'epoch': '0.01662'}
{'loss': '1.127', 'grad_norm': '14.69', 'learning_rate': '1.01e-06', 'epoch': '0.01663'}
{'loss': '2.141', 'grad_norm': '38', 'learning_rate': '9.963e-07', 'epoch': '0.01665'}
{'loss': '2.249', 'grad_norm': '78', 'learning_rate': '9.823e-07', 'epoch': '0.01667'}
{'loss': '1.537', 'grad_norm': '19.62', 'learning_rate': '9.683e-07', 'epoch': '0.01669'}
{'loss': '0.675', 'grad_norm': '15.5', 'learning_rate': '9.545e-07', 'epoch': '0.01671'}
{'loss': '0.3674', 'grad_norm': '77', 'learning_rate': '9.407e-07', 'epoch': '0.01673'}
{'loss': '1.778', 'grad_norm': '29', 'learning_rate': '9.271e-07', 'epoch': '0.01675'}
{'loss': '0.8816', 'grad_norm': '34.5', 'learning_rate': '9.135e-07', 'epoch': '0.01677'}
{'loss': '0.02703', 'grad_norm': '9.688', 'learning_rate': '9e-07', 'epoch': '0.01679'}
{'loss': '1.77', 'grad_norm': '20.62', 'learning_rate': '8.866e-07', 'epoch': '0.01681'}
{'loss': '2.8', 'grad_norm': '41.25', 'learning_rate': '8.733e-07', 'epoch': '0.01683'}
{'loss': '1.286', 'grad_norm': '26.62', 'learning_rate': '8.602e-07', 'epoch': '0.01685'}
{'loss': '0.2693', 'grad_norm': '58.5', 'learning_rate': '8.471e-07', 'epoch': '0.01687'}
{'loss': '1.143', 'grad_norm': '14.31', 'learning_rate': '8.341e-07', 'epoch': '0.01689'}
{'loss': '0.8514', 'grad_norm': '42', 'learning_rate': '8.212e-07', 'epoch': '0.0169'}
{'loss': '1.618', 'grad_norm': '28.75', 'learning_rate': '8.084e-07', 'epoch': '0.01692'}
{'loss': '1.671', 'grad_norm': '19.25', 'learning_rate': '7.957e-07', 'epoch': '0.01694'}
{'loss': '1.73', 'grad_norm': '112', 'learning_rate': '7.83e-07', 'epoch': '0.01696'}
{'loss': '0.9243', 'grad_norm': '44.25', 'learning_rate': '7.705e-07', 'epoch': '0.01698'}
{'loss': '2.024', 'grad_norm': '168', 'learning_rate': '7.581e-07', 'epoch': '0.017'}
{'loss': '1.362', 'grad_norm': '38', 'learning_rate': '7.458e-07', 'epoch': '0.01702'}
{'loss': '1.397', 'grad_norm': '16.25', 'learning_rate': '7.336e-07', 'epoch': '0.01704'}
{'loss': '1.626', 'grad_norm': '23.38', 'learning_rate': '7.214e-07', 'epoch': '0.01706'}
{'loss': '1.529', 'grad_norm': '15.44', 'learning_rate': '7.094e-07', 'epoch': '0.01708'}
{'loss': '1.786', 'grad_norm': '75', 'learning_rate': '6.975e-07', 'epoch': '0.0171'}
{'loss': '1.62', 'grad_norm': '31', 'learning_rate': '6.856e-07', 'epoch': '0.01712'}
{'loss': '1.001', 'grad_norm': '18', 'learning_rate': '6.739e-07', 'epoch': '0.01714'}
{'loss': '1.004', 'grad_norm': '18.62', 'learning_rate': '6.623e-07', 'epoch': '0.01716'}
{'loss': '1.028', 'grad_norm': '82.5', 'learning_rate': '6.507e-07', 'epoch': '0.01718'}
{'loss': '1.584', 'grad_norm': '17.38', 'learning_rate': '6.393e-07', 'epoch': '0.01719'}
{'loss': '0.6833', 'grad_norm': '73.5', 'learning_rate': '6.279e-07', 'epoch': '0.01721'}
{'loss': '1.534', 'grad_norm': '17', 'learning_rate': '6.167e-07', 'epoch': '0.01723'}
{'loss': '1.257', 'grad_norm': '18.12', 'learning_rate': '6.055e-07', 'epoch': '0.01725'}
{'loss': '1.595', 'grad_norm': '14.88', 'learning_rate': '5.945e-07', 'epoch': '0.01727'}
{'loss': '1.306', 'grad_norm': '17.25', 'learning_rate': '5.835e-07', 'epoch': '0.01729'}
{'loss': '1.762', 'grad_norm': '138', 'learning_rate': '5.727e-07', 'epoch': '0.01731'}
{'loss': '1.393', 'grad_norm': '43.75', 'learning_rate': '5.619e-07', 'epoch': '0.01733'}
{'loss': '1.619', 'grad_norm': '14.94', 'learning_rate': '5.513e-07', 'epoch': '0.01735'}
{'loss': '1.503', 'grad_norm': '66.5', 'learning_rate': '5.407e-07', 'epoch': '0.01737'}
{'loss': '1.605', 'grad_norm': '18.5', 'learning_rate': '5.303e-07', 'epoch': '0.01739'}
{'loss': '1.315', 'grad_norm': '13.12', 'learning_rate': '5.199e-07', 'epoch': '0.01741'}
{'loss': '1.653', 'grad_norm': '28.75', 'learning_rate': '5.097e-07', 'epoch': '0.01743'}
{'loss': '0.3027', 'grad_norm': '29.88', 'learning_rate': '4.995e-07', 'epoch': '0.01745'}
{'loss': '1.189', 'grad_norm': '82', 'learning_rate': '4.894e-07', 'epoch': '0.01747'}
{'loss': '2.108', 'grad_norm': '90.5', 'learning_rate': '4.795e-07', 'epoch': '0.01748'}
{'loss': '1.961', 'grad_norm': '22.5', 'learning_rate': '4.696e-07', 'epoch': '0.0175'}
{'loss': '0.9315', 'grad_norm': '32', 'learning_rate': '4.599e-07', 'epoch': '0.01752'}
{'loss': '2.044', 'grad_norm': '22.88', 'learning_rate': '4.502e-07', 'epoch': '0.01754'}
{'loss': '1.216', 'grad_norm': '49', 'learning_rate': '4.406e-07', 'epoch': '0.01756'}
{'loss': '1.386', 'grad_norm': '49', 'learning_rate': '4.312e-07', 'epoch': '0.01758'}
{'loss': '2.119', 'grad_norm': '70.5', 'learning_rate': '4.218e-07', 'epoch': '0.0176'}
{'loss': '0.4094', 'grad_norm': '19.88', 'learning_rate': '4.126e-07', 'epoch': '0.01762'}
{'loss': '1.125', 'grad_norm': '31.5', 'learning_rate': '4.034e-07', 'epoch': '0.01764'}
{'loss': '1.826', 'grad_norm': '23.62', 'learning_rate': '3.944e-07', 'epoch': '0.01766'}
{'loss': '1.004', 'grad_norm': '344', 'learning_rate': '3.854e-07', 'epoch': '0.01768'}
{'loss': '2.233', 'grad_norm': '131', 'learning_rate': '3.765e-07', 'epoch': '0.0177'}
{'loss': '1.145', 'grad_norm': '57.75', 'learning_rate': '3.678e-07', 'epoch': '0.01772'}
{'loss': '1.149', 'grad_norm': '15.44', 'learning_rate': '3.591e-07', 'epoch': '0.01774'}
{'loss': '1.56', 'grad_norm': '19.62', 'learning_rate': '3.506e-07', 'epoch': '0.01776'}
{'loss': '0.5669', 'grad_norm': '34.5', 'learning_rate': '3.421e-07', 'epoch': '0.01777'}
{'loss': '1.298', 'grad_norm': '239', 'learning_rate': '3.338e-07', 'epoch': '0.01779'}
{'loss': '0.9406', 'grad_norm': '27.12', 'learning_rate': '3.255e-07', 'epoch': '0.01781'}
{'loss': '0.7745', 'grad_norm': '53', 'learning_rate': '3.174e-07', 'epoch': '0.01783'}
{'loss': '1.18', 'grad_norm': '26.75', 'learning_rate': '3.094e-07', 'epoch': '0.01785'}
{'loss': '1.684', 'grad_norm': '76.5', 'learning_rate': '3.014e-07', 'epoch': '0.01787'}
{'loss': '1.443', 'grad_norm': '20.38', 'learning_rate': '2.936e-07', 'epoch': '0.01789'}
{'loss': '1.123', 'grad_norm': '21.88', 'learning_rate': '2.858e-07', 'epoch': '0.01791'}
{'loss': '0.8713', 'grad_norm': '23.88', 'learning_rate': '2.782e-07', 'epoch': '0.01793'}
{'loss': '0.3633', 'grad_norm': '29.25', 'learning_rate': '2.707e-07', 'epoch': '0.01795'}
{'loss': '0.9073', 'grad_norm': '46.75', 'learning_rate': '2.632e-07', 'epoch': '0.01797'}
{'loss': '1.458', 'grad_norm': '48.75', 'learning_rate': '2.559e-07', 'epoch': '0.01799'}
{'loss': '1.279', 'grad_norm': '32.75', 'learning_rate': '2.487e-07', 'epoch': '0.01801'}
{'loss': '1.653', 'grad_norm': '65.5', 'learning_rate': '2.415e-07', 'epoch': '0.01803'}
{'loss': '0.08418', 'grad_norm': '38.25', 'learning_rate': '2.345e-07', 'epoch': '0.01804'}
{'loss': '1.571', 'grad_norm': '16.62', 'learning_rate': '2.276e-07', 'epoch': '0.01806'}
{'loss': '1.44', 'grad_norm': '22.12', 'learning_rate': '2.208e-07', 'epoch': '0.01808'}
{'loss': '1.851', 'grad_norm': '16.38', 'learning_rate': '2.141e-07', 'epoch': '0.0181'}
{'loss': '0.06107', 'grad_norm': '28.38', 'learning_rate': '2.074e-07', 'epoch': '0.01812'}
{'loss': '0.8703', 'grad_norm': '13.31', 'learning_rate': '2.009e-07', 'epoch': '0.01814'}
{'loss': '2.628', 'grad_norm': '29.25', 'learning_rate': '1.945e-07', 'epoch': '0.01816'}
{'loss': '2.146', 'grad_norm': '16.25', 'learning_rate': '1.882e-07', 'epoch': '0.01818'}
{'loss': '1.776', 'grad_norm': '39.5', 'learning_rate': '1.82e-07', 'epoch': '0.0182'}
{'loss': '0.5042', 'grad_norm': '54', 'learning_rate': '1.759e-07', 'epoch': '0.01822'}
{'loss': '1.589', 'grad_norm': '20.5', 'learning_rate': '1.699e-07', 'epoch': '0.01824'}
{'loss': '0.5404', 'grad_norm': '87', 'learning_rate': '1.64e-07', 'epoch': '0.01826'}
{'loss': '0.9398', 'grad_norm': '15.81', 'learning_rate': '1.582e-07', 'epoch': '0.01828'}
{'loss': '1.614', 'grad_norm': '18.25', 'learning_rate': '1.525e-07', 'epoch': '0.0183'}
{'loss': '1.843', 'grad_norm': '35.75', 'learning_rate': '1.47e-07', 'epoch': '0.01832'}
{'loss': '2.012', 'grad_norm': '18.5', 'learning_rate': '1.415e-07', 'epoch': '0.01833'}
{'loss': '1.098', 'grad_norm': '18.38', 'learning_rate': '1.361e-07', 'epoch': '0.01835'}
{'loss': '1.31', 'grad_norm': '44', 'learning_rate': '1.308e-07', 'epoch': '0.01837'}
{'loss': '2.23', 'grad_norm': '75', 'learning_rate': '1.257e-07', 'epoch': '0.01839'}
{'loss': '1.205', 'grad_norm': '34.5', 'learning_rate': '1.206e-07', 'epoch': '0.01841'}
{'loss': '1.426', 'grad_norm': '29', 'learning_rate': '1.156e-07', 'epoch': '0.01843'}
{'loss': '1.113', 'grad_norm': '15.56', 'learning_rate': '1.108e-07', 'epoch': '0.01845'}
{'loss': '1.271', 'grad_norm': '18.25', 'learning_rate': '1.06e-07', 'epoch': '0.01847'}
{'loss': '1.97', 'grad_norm': '28.25', 'learning_rate': '1.014e-07', 'epoch': '0.01849'}
{'loss': '1.499', 'grad_norm': '30.75', 'learning_rate': '9.682e-08', 'epoch': '0.01851'}
{'loss': '2.219', 'grad_norm': '30.62', 'learning_rate': '9.238e-08', 'epoch': '0.01853'}
{'loss': '1.831', 'grad_norm': '83', 'learning_rate': '8.804e-08', 'epoch': '0.01855'}
{'loss': '1.17', 'grad_norm': '15.81', 'learning_rate': '8.38e-08', 'epoch': '0.01857'}
{'loss': '0.5186', 'grad_norm': '12.88', 'learning_rate': '7.967e-08', 'epoch': '0.01859'}
{'loss': '1.15', 'grad_norm': '13.62', 'learning_rate': '7.564e-08', 'epoch': '0.01861'}
{'loss': '0.9802', 'grad_norm': '20.75', 'learning_rate': '7.171e-08', 'epoch': '0.01862'}
{'loss': '1.216', 'grad_norm': '16.75', 'learning_rate': '6.79e-08', 'epoch': '0.01864'}
{'loss': '0.4339', 'grad_norm': '48.75', 'learning_rate': '6.418e-08', 'epoch': '0.01866'}
{'loss': '1.888', 'grad_norm': '100', 'learning_rate': '6.057e-08', 'epoch': '0.01868'}
{'loss': '0.8334', 'grad_norm': '33.5', 'learning_rate': '5.706e-08', 'epoch': '0.0187'}
{'loss': '0.4502', 'grad_norm': '16', 'learning_rate': '5.366e-08', 'epoch': '0.01872'}
{'loss': '1.781', 'grad_norm': '33.75', 'learning_rate': '5.036e-08', 'epoch': '0.01874'}
{'loss': '1.47', 'grad_norm': '17.62', 'learning_rate': '4.717e-08', 'epoch': '0.01876'}
{'loss': '2.058', 'grad_norm': '20.12', 'learning_rate': '4.408e-08', 'epoch': '0.01878'}
{'loss': '1.657', 'grad_norm': '38.25', 'learning_rate': '4.109e-08', 'epoch': '0.0188'}
{'loss': '1.996', 'grad_norm': '28.25', 'learning_rate': '3.821e-08', 'epoch': '0.01882'}
{'loss': '1.958', 'grad_norm': '17.62', 'learning_rate': '3.543e-08', 'epoch': '0.01884'}
{'loss': '1.267', 'grad_norm': '13.75', 'learning_rate': '3.276e-08', 'epoch': '0.01886'}
{'loss': '1.71', 'grad_norm': '24.88', 'learning_rate': '3.019e-08', 'epoch': '0.01888'}
{'loss': '1.546', 'grad_norm': '25.5', 'learning_rate': '2.773e-08', 'epoch': '0.01889'}
{'loss': '2.444', 'grad_norm': '25.62', 'learning_rate': '2.537e-08', 'epoch': '0.01891'}
{'loss': '1.44', 'grad_norm': '19.5', 'learning_rate': '2.312e-08', 'epoch': '0.01893'}
{'loss': '2.26', 'grad_norm': '19.88', 'learning_rate': '2.097e-08', 'epoch': '0.01895'}
{'loss': '1.608', 'grad_norm': '18.88', 'learning_rate': '1.893e-08', 'epoch': '0.01897'}
{'loss': '1.634', 'grad_norm': '16.12', 'learning_rate': '1.699e-08', 'epoch': '0.01899'}
{'loss': '1.462', 'grad_norm': '17.75', 'learning_rate': '1.515e-08', 'epoch': '0.01901'}
{'loss': '1.406', 'grad_norm': '27.5', 'learning_rate': '1.342e-08', 'epoch': '0.01903'}
{'loss': '1.027', 'grad_norm': '17.5', 'learning_rate': '1.18e-08', 'epoch': '0.01905'}
{'loss': '1.642', 'grad_norm': '17.62', 'learning_rate': '1.028e-08', 'epoch': '0.01907'}
{'loss': '1.794', 'grad_norm': '27.62', 'learning_rate': '8.862e-09', 'epoch': '0.01909'}
{'loss': '0.6815', 'grad_norm': '48.75', 'learning_rate': '7.552e-09', 'epoch': '0.01911'}
{'loss': '0.6539', 'grad_norm': '14.62', 'learning_rate': '6.345e-09', 'epoch': '0.01913'}
{'loss': '2.812', 'grad_norm': '115', 'learning_rate': '5.244e-09', 'epoch': '0.01915'}
{'loss': '1.384', 'grad_norm': '19.75', 'learning_rate': '4.248e-09', 'epoch': '0.01917'}
{'loss': '0.9089', 'grad_norm': '52', 'learning_rate': '3.356e-09', 'epoch': '0.01918'}
{'loss': '0.5895', 'grad_norm': '30.88', 'learning_rate': '2.57e-09', 'epoch': '0.0192'}
{'loss': '1.2', 'grad_norm': '14.94', 'learning_rate': '1.888e-09', 'epoch': '0.01922'}
{'loss': '1.21', 'grad_norm': '53.25', 'learning_rate': '1.311e-09', 'epoch': '0.01924'}
{'loss': '0.8159', 'grad_norm': '28.25', 'learning_rate': '8.392e-10', 'epoch': '0.01926'}
{'loss': '1.801', 'grad_norm': '20.25', 'learning_rate': '4.72e-10', 'epoch': '0.01928'}
{'loss': '1.447', 'grad_norm': '17.25', 'learning_rate': '2.098e-10', 'epoch': '0.0193'}
{'loss': '0.05213', 'grad_norm': '12.56', 'learning_rate': '5.245e-11', 'epoch': '0.01932'}
{'train_runtime': '225.9', 'train_samples_per_second': '4.426', 'train_steps_per_second': '4.426', 'train_loss': '1.402', 'epoch': '0.01932'}
